2017-03-04 13:34:18 | INFO  | MLog:92 - MLog clients using log4j logging.
2017-03-04 13:34:18 | INFO  | C3P0Registry:216 - Initializing c3p0-0.9.2.1 [built 20-March-2013 10:47:27 +0000; debug? true; trace: 10]
2017-03-04 13:34:19 | INFO  | AbstractPoolBackedDataSource:522 - Initializing c3p0 pool... com.mchange.v2.c3p0.ComboPooledDataSource [ acquireIncrement -> 2, acquireRetryAttempts -> 30, acquireRetryDelay -> 1000, autoCommitOnClose -> false, automaticTestTable -> null, breakAfterAcquireFailure -> false, checkoutTimeout -> 0, connectionCustomizerClassName -> null, connectionTesterClassName -> com.mchange.v2.c3p0.impl.DefaultConnectionTester, dataSourceName -> 1hge8sh9m169rebc1g88vp3|138aa3cc, debugUnreturnedConnectionStackTraces -> false, description -> null, driverClass -> com.mysql.jdbc.Driver, factoryClassLocation -> null, forceIgnoreUnresolvedTransactions -> false, identityToken -> 1hge8sh9m169rebc1g88vp3|138aa3cc, idleConnectionTestPeriod -> 0, initialPoolSize -> 3, jdbcUrl -> jdbc:mysql://localhost:3306/nextgen, maxAdministrativeTaskTime -> 0, maxConnectionAge -> 0, maxIdleTime -> 600, maxIdleTimeExcessConnections -> 0, maxPoolSize -> 15, maxStatements -> 0, maxStatementsPerConnection -> 0, minPoolSize -> 5, numHelperThreads -> 3, preferredTestQuery -> null, properties -> {user=******, password=******}, propertyCycle -> 0, statementCacheNumDeferredCloseThreads -> 0, testConnectionOnCheckin -> false, testConnectionOnCheckout -> false, unreturnedConnectionTimeout -> 0, userOverrides -> {}, usesTraditionalReflectiveProxies -> false ]
2017-03-04 13:34:25 | INFO  | AbstractPoolBackedDataSource:522 - Initializing c3p0 pool... com.mchange.v2.c3p0.ComboPooledDataSource [ acquireIncrement -> 2, acquireRetryAttempts -> 30, acquireRetryDelay -> 1000, autoCommitOnClose -> false, automaticTestTable -> null, breakAfterAcquireFailure -> false, checkoutTimeout -> 0, connectionCustomizerClassName -> null, connectionTesterClassName -> com.mchange.v2.c3p0.impl.DefaultConnectionTester, dataSourceName -> 1hge8sh9m169rebc1g88vp3|718f3088, debugUnreturnedConnectionStackTraces -> false, description -> null, driverClass -> com.mysql.jdbc.Driver, factoryClassLocation -> null, forceIgnoreUnresolvedTransactions -> false, identityToken -> 1hge8sh9m169rebc1g88vp3|718f3088, idleConnectionTestPeriod -> 0, initialPoolSize -> 3, jdbcUrl -> jdbc:mysql://localhost:3306/nextgen, maxAdministrativeTaskTime -> 0, maxConnectionAge -> 0, maxIdleTime -> 600, maxIdleTimeExcessConnections -> 0, maxPoolSize -> 15, maxStatements -> 0, maxStatementsPerConnection -> 0, minPoolSize -> 5, numHelperThreads -> 3, preferredTestQuery -> null, properties -> {user=******, password=******}, propertyCycle -> 0, statementCacheNumDeferredCloseThreads -> 0, testConnectionOnCheckin -> false, testConnectionOnCheckout -> false, unreturnedConnectionTimeout -> 0, userOverrides -> {}, usesTraditionalReflectiveProxies -> false ]
2017-03-04 13:39:49 | INFO  | MLog:92 - MLog clients using log4j logging.
2017-03-04 13:39:49 | INFO  | C3P0Registry:216 - Initializing c3p0-0.9.2.1 [built 20-March-2013 10:47:27 +0000; debug? true; trace: 10]
2017-03-04 13:39:50 | INFO  | AbstractPoolBackedDataSource:522 - Initializing c3p0 pool... com.mchange.v2.c3p0.ComboPooledDataSource [ acquireIncrement -> 2, acquireRetryAttempts -> 30, acquireRetryDelay -> 1000, autoCommitOnClose -> false, automaticTestTable -> null, breakAfterAcquireFailure -> false, checkoutTimeout -> 0, connectionCustomizerClassName -> null, connectionTesterClassName -> com.mchange.v2.c3p0.impl.DefaultConnectionTester, dataSourceName -> 1hge8sh9m169yhqkmyykas|21a02556, debugUnreturnedConnectionStackTraces -> false, description -> null, driverClass -> com.mysql.jdbc.Driver, factoryClassLocation -> null, forceIgnoreUnresolvedTransactions -> false, identityToken -> 1hge8sh9m169yhqkmyykas|21a02556, idleConnectionTestPeriod -> 0, initialPoolSize -> 3, jdbcUrl -> jdbc:mysql://localhost:3306/nextgen, maxAdministrativeTaskTime -> 0, maxConnectionAge -> 0, maxIdleTime -> 600, maxIdleTimeExcessConnections -> 0, maxPoolSize -> 15, maxStatements -> 0, maxStatementsPerConnection -> 0, minPoolSize -> 5, numHelperThreads -> 3, preferredTestQuery -> null, properties -> {user=******, password=******}, propertyCycle -> 0, statementCacheNumDeferredCloseThreads -> 0, testConnectionOnCheckin -> false, testConnectionOnCheckout -> false, unreturnedConnectionTimeout -> 0, userOverrides -> {}, usesTraditionalReflectiveProxies -> false ]
2017-03-04 13:39:54 | INFO  | AbstractPoolBackedDataSource:522 - Initializing c3p0 pool... com.mchange.v2.c3p0.ComboPooledDataSource [ acquireIncrement -> 2, acquireRetryAttempts -> 30, acquireRetryDelay -> 1000, autoCommitOnClose -> false, automaticTestTable -> null, breakAfterAcquireFailure -> false, checkoutTimeout -> 0, connectionCustomizerClassName -> null, connectionTesterClassName -> com.mchange.v2.c3p0.impl.DefaultConnectionTester, dataSourceName -> 1hge8sh9m169yhqkmyykas|70697478, debugUnreturnedConnectionStackTraces -> false, description -> null, driverClass -> com.mysql.jdbc.Driver, factoryClassLocation -> null, forceIgnoreUnresolvedTransactions -> false, identityToken -> 1hge8sh9m169yhqkmyykas|70697478, idleConnectionTestPeriod -> 0, initialPoolSize -> 3, jdbcUrl -> jdbc:mysql://localhost:3306/nextgen, maxAdministrativeTaskTime -> 0, maxConnectionAge -> 0, maxIdleTime -> 600, maxIdleTimeExcessConnections -> 0, maxPoolSize -> 15, maxStatements -> 0, maxStatementsPerConnection -> 0, minPoolSize -> 5, numHelperThreads -> 3, preferredTestQuery -> null, properties -> {user=******, password=******}, propertyCycle -> 0, statementCacheNumDeferredCloseThreads -> 0, testConnectionOnCheckin -> false, testConnectionOnCheckout -> false, unreturnedConnectionTimeout -> 0, userOverrides -> {}, usesTraditionalReflectiveProxies -> false ]
2017-03-04 13:40:16 | INFO  | AuthenticationTokenFilter:83 - AUTH TOKEN					: eyJhbGciOiJIUzUxMiJ9.eyJzdWIiOiJnYXVyYXYuNTQxMEBob3RtYWlsLmNvbSIsImF1ZGllbmNlIjoid2ViIiwiY3JlYXRlZCI6MTQ4ODYxMzQxNDc4NCwiZXhwIjoxNDg4NjMxNDE0fQ.fmCKWHmSXHVVibdYX3rwgMGWF7tXZz3jpGSbF9e5IbhvEkfEiUUo3LiJR5QMdAzOkr8AFpVwWdZ5U0qowRw-RA
2017-03-04 13:40:16 | INFO  | AuthenticationTokenFilter:84 - URL 					: http://localhost:8080/NextGenHCM/api/admin/change/contactdetails
2017-03-04 13:40:16 | INFO  | AuthenticationTokenFilter:85 - METHOD TYPE 				: POST
2017-03-04 13:40:16 | INFO  | AuthenticationTokenFilter:86 - AUTH TYPE 					: null
2017-03-04 13:40:16 | INFO  | AuthenticationTokenFilter:90 - Request Header  			: host
2017-03-04 13:40:16 | INFO  | AuthenticationTokenFilter:90 - Request Header  			: connection
2017-03-04 13:40:16 | INFO  | AuthenticationTokenFilter:90 - Request Header  			: content-length
2017-03-04 13:40:16 | INFO  | AuthenticationTokenFilter:90 - Request Header  			: origin
2017-03-04 13:40:16 | INFO  | AuthenticationTokenFilter:90 - Request Header  			: postman-token
2017-03-04 13:40:16 | INFO  | AuthenticationTokenFilter:90 - Request Header  			: cache-control
2017-03-04 13:40:16 | INFO  | AuthenticationTokenFilter:90 - Request Header  			: x-auth-token
2017-03-04 13:40:16 | INFO  | AuthenticationTokenFilter:90 - Request Header  			: user-agent
2017-03-04 13:40:16 | INFO  | AuthenticationTokenFilter:90 - Request Header  			: content-type
2017-03-04 13:40:16 | INFO  | AuthenticationTokenFilter:90 - Request Header  			: accept
2017-03-04 13:40:16 | INFO  | AuthenticationTokenFilter:90 - Request Header  			: dnt
2017-03-04 13:40:16 | INFO  | AuthenticationTokenFilter:90 - Request Header  			: accept-encoding
2017-03-04 13:40:16 | INFO  | AuthenticationTokenFilter:90 - Request Header  			: accept-language
2017-03-04 13:40:16 | INFO  | TokenGenrator:262 - TOKEN : eyJhbGciOiJIUzUxMiJ9.eyJzdWIiOiJnYXVyYXYuNTQxMEBob3RtYWlsLmNvbSIsImF1ZGllbmNlIjoid2ViIiwiY3JlYXRlZCI6MTQ4ODYxMzQxNDc4NCwiZXhwIjoxNDg4NjMxNDE0fQ.fmCKWHmSXHVVibdYX3rwgMGWF7tXZz3jpGSbF9e5IbhvEkfEiUUo3LiJR5QMdAzOkr8AFpVwWdZ5U0qowRw-RA
2017-03-04 13:40:16 | INFO  | AuthenticationTokenFilter:103 -  Null Check null
2017-03-04 13:40:16 | INFO  | AuthenticationTokenFilter:104 -  Request Method POST
2017-03-04 13:40:16 | INFO  | AuthenticationTokenFilter:118 - Inside filter chain . . 
2017-03-04 13:40:16 | INFO  | EmployeeController:215 - CONTROLLER : Inside the employee address change on controller...
2017-03-04 13:40:16 | INFO  | UserServiceImpl:537 - SERVICE : Inside the change contact details...
2017-03-04 13:40:16 | INFO  | UserServiceImpl:568 - SERVICE: Inside setting address details model object
2017-03-04 13:50:02 | INFO  | MLog:92 - MLog clients using log4j logging.
2017-03-04 13:50:02 | INFO  | C3P0Registry:216 - Initializing c3p0-0.9.2.1 [built 20-March-2013 10:47:27 +0000; debug? true; trace: 10]
2017-03-04 13:50:02 | INFO  | AbstractPoolBackedDataSource:522 - Initializing c3p0 pool... com.mchange.v2.c3p0.ComboPooledDataSource [ acquireIncrement -> 2, acquireRetryAttempts -> 30, acquireRetryDelay -> 1000, autoCommitOnClose -> false, automaticTestTable -> null, breakAfterAcquireFailure -> false, checkoutTimeout -> 0, connectionCustomizerClassName -> null, connectionTesterClassName -> com.mchange.v2.c3p0.impl.DefaultConnectionTester, dataSourceName -> 1hge8sh9m16abmhby9fbx1|28757abd, debugUnreturnedConnectionStackTraces -> false, description -> null, driverClass -> com.mysql.jdbc.Driver, factoryClassLocation -> null, forceIgnoreUnresolvedTransactions -> false, identityToken -> 1hge8sh9m16abmhby9fbx1|28757abd, idleConnectionTestPeriod -> 0, initialPoolSize -> 3, jdbcUrl -> jdbc:mysql://localhost:3306/nextgen, maxAdministrativeTaskTime -> 0, maxConnectionAge -> 0, maxIdleTime -> 600, maxIdleTimeExcessConnections -> 0, maxPoolSize -> 15, maxStatements -> 0, maxStatementsPerConnection -> 0, minPoolSize -> 5, numHelperThreads -> 3, preferredTestQuery -> null, properties -> {user=******, password=******}, propertyCycle -> 0, statementCacheNumDeferredCloseThreads -> 0, testConnectionOnCheckin -> false, testConnectionOnCheckout -> false, unreturnedConnectionTimeout -> 0, userOverrides -> {}, usesTraditionalReflectiveProxies -> false ]
2017-03-04 13:50:06 | INFO  | AbstractPoolBackedDataSource:522 - Initializing c3p0 pool... com.mchange.v2.c3p0.ComboPooledDataSource [ acquireIncrement -> 2, acquireRetryAttempts -> 30, acquireRetryDelay -> 1000, autoCommitOnClose -> false, automaticTestTable -> null, breakAfterAcquireFailure -> false, checkoutTimeout -> 0, connectionCustomizerClassName -> null, connectionTesterClassName -> com.mchange.v2.c3p0.impl.DefaultConnectionTester, dataSourceName -> 1hge8sh9m16abmhby9fbx1|498e41a4, debugUnreturnedConnectionStackTraces -> false, description -> null, driverClass -> com.mysql.jdbc.Driver, factoryClassLocation -> null, forceIgnoreUnresolvedTransactions -> false, identityToken -> 1hge8sh9m16abmhby9fbx1|498e41a4, idleConnectionTestPeriod -> 0, initialPoolSize -> 3, jdbcUrl -> jdbc:mysql://localhost:3306/nextgen, maxAdministrativeTaskTime -> 0, maxConnectionAge -> 0, maxIdleTime -> 600, maxIdleTimeExcessConnections -> 0, maxPoolSize -> 15, maxStatements -> 0, maxStatementsPerConnection -> 0, minPoolSize -> 5, numHelperThreads -> 3, preferredTestQuery -> null, properties -> {user=******, password=******}, propertyCycle -> 0, statementCacheNumDeferredCloseThreads -> 0, testConnectionOnCheckin -> false, testConnectionOnCheckout -> false, unreturnedConnectionTimeout -> 0, userOverrides -> {}, usesTraditionalReflectiveProxies -> false ]
2017-03-04 13:50:13 | INFO  | AuthenticationTokenFilter:83 - AUTH TOKEN					: eyJhbGciOiJIUzUxMiJ9.eyJzdWIiOiJnYXVyYXYuNTQxMEBob3RtYWlsLmNvbSIsImF1ZGllbmNlIjoid2ViIiwiY3JlYXRlZCI6MTQ4ODYxMzQxNDc4NCwiZXhwIjoxNDg4NjMxNDE0fQ.fmCKWHmSXHVVibdYX3rwgMGWF7tXZz3jpGSbF9e5IbhvEkfEiUUo3LiJR5QMdAzOkr8AFpVwWdZ5U0qowRw-RA
2017-03-04 13:50:13 | INFO  | AuthenticationTokenFilter:84 - URL 					: http://localhost:8080/NextGenHCM/api/admin/change/contactdetails
2017-03-04 13:50:13 | INFO  | AuthenticationTokenFilter:85 - METHOD TYPE 				: POST
2017-03-04 13:50:13 | INFO  | AuthenticationTokenFilter:86 - AUTH TYPE 					: null
2017-03-04 13:50:13 | INFO  | AuthenticationTokenFilter:90 - Request Header  			: host
2017-03-04 13:50:13 | INFO  | AuthenticationTokenFilter:90 - Request Header  			: connection
2017-03-04 13:50:13 | INFO  | AuthenticationTokenFilter:90 - Request Header  			: content-length
2017-03-04 13:50:13 | INFO  | AuthenticationTokenFilter:90 - Request Header  			: origin
2017-03-04 13:50:13 | INFO  | AuthenticationTokenFilter:90 - Request Header  			: postman-token
2017-03-04 13:50:13 | INFO  | AuthenticationTokenFilter:90 - Request Header  			: cache-control
2017-03-04 13:50:13 | INFO  | AuthenticationTokenFilter:90 - Request Header  			: x-auth-token
2017-03-04 13:50:13 | INFO  | AuthenticationTokenFilter:90 - Request Header  			: user-agent
2017-03-04 13:50:13 | INFO  | AuthenticationTokenFilter:90 - Request Header  			: content-type
2017-03-04 13:50:13 | INFO  | AuthenticationTokenFilter:90 - Request Header  			: accept
2017-03-04 13:50:13 | INFO  | AuthenticationTokenFilter:90 - Request Header  			: dnt
2017-03-04 13:50:13 | INFO  | AuthenticationTokenFilter:90 - Request Header  			: accept-encoding
2017-03-04 13:50:13 | INFO  | AuthenticationTokenFilter:90 - Request Header  			: accept-language
2017-03-04 13:50:14 | INFO  | TokenGenrator:262 - TOKEN : eyJhbGciOiJIUzUxMiJ9.eyJzdWIiOiJnYXVyYXYuNTQxMEBob3RtYWlsLmNvbSIsImF1ZGllbmNlIjoid2ViIiwiY3JlYXRlZCI6MTQ4ODYxMzQxNDc4NCwiZXhwIjoxNDg4NjMxNDE0fQ.fmCKWHmSXHVVibdYX3rwgMGWF7tXZz3jpGSbF9e5IbhvEkfEiUUo3LiJR5QMdAzOkr8AFpVwWdZ5U0qowRw-RA
2017-03-04 13:50:14 | INFO  | AuthenticationTokenFilter:103 -  Null Check null
2017-03-04 13:50:14 | INFO  | AuthenticationTokenFilter:104 -  Request Method POST
2017-03-04 13:50:14 | INFO  | AuthenticationTokenFilter:118 - Inside filter chain . . 
2017-03-04 13:50:14 | INFO  | EmployeeController:215 - CONTROLLER : Inside the employee address change on controller...
2017-03-04 13:50:14 | INFO  | UserServiceImpl:551 - SERVICE : Inside the change contact details...
2017-03-04 13:50:14 | INFO  | UserServiceImpl:582 - SERVICE: Inside setting address details model object
2017-03-04 13:51:01 | INFO  | AuthenticationTokenFilter:83 - AUTH TOKEN					: eyJhbGciOiJIUzUxMiJ9.eyJzdWIiOiJnYXVyYXYuNTQxMEBob3RtYWlsLmNvbSIsImF1ZGllbmNlIjoid2ViIiwiY3JlYXRlZCI6MTQ4ODYxMzQxNDc4NCwiZXhwIjoxNDg4NjMxNDE0fQ.fmCKWHmSXHVVibdYX3rwgMGWF7tXZz3jpGSbF9e5IbhvEkfEiUUo3LiJR5QMdAzOkr8AFpVwWdZ5U0qowRw-RA
2017-03-04 13:51:01 | INFO  | AuthenticationTokenFilter:84 - URL 					: http://localhost:8080/NextGenHCM/api/admin/change/contactdetails
2017-03-04 13:51:01 | INFO  | AuthenticationTokenFilter:85 - METHOD TYPE 				: POST
2017-03-04 13:51:01 | INFO  | AuthenticationTokenFilter:86 - AUTH TYPE 					: null
2017-03-04 13:51:01 | INFO  | AuthenticationTokenFilter:90 - Request Header  			: host
2017-03-04 13:51:01 | INFO  | AuthenticationTokenFilter:90 - Request Header  			: connection
2017-03-04 13:51:01 | INFO  | AuthenticationTokenFilter:90 - Request Header  			: content-length
2017-03-04 13:51:01 | INFO  | AuthenticationTokenFilter:90 - Request Header  			: origin
2017-03-04 13:51:01 | INFO  | AuthenticationTokenFilter:90 - Request Header  			: postman-token
2017-03-04 13:51:01 | INFO  | AuthenticationTokenFilter:90 - Request Header  			: cache-control
2017-03-04 13:51:01 | INFO  | AuthenticationTokenFilter:90 - Request Header  			: x-auth-token
2017-03-04 13:51:01 | INFO  | AuthenticationTokenFilter:90 - Request Header  			: user-agent
2017-03-04 13:51:01 | INFO  | AuthenticationTokenFilter:90 - Request Header  			: content-type
2017-03-04 13:51:01 | INFO  | AuthenticationTokenFilter:90 - Request Header  			: accept
2017-03-04 13:51:01 | INFO  | AuthenticationTokenFilter:90 - Request Header  			: dnt
2017-03-04 13:51:01 | INFO  | AuthenticationTokenFilter:90 - Request Header  			: accept-encoding
2017-03-04 13:51:01 | INFO  | AuthenticationTokenFilter:90 - Request Header  			: accept-language
2017-03-04 13:51:01 | INFO  | TokenGenrator:262 - TOKEN : eyJhbGciOiJIUzUxMiJ9.eyJzdWIiOiJnYXVyYXYuNTQxMEBob3RtYWlsLmNvbSIsImF1ZGllbmNlIjoid2ViIiwiY3JlYXRlZCI6MTQ4ODYxMzQxNDc4NCwiZXhwIjoxNDg4NjMxNDE0fQ.fmCKWHmSXHVVibdYX3rwgMGWF7tXZz3jpGSbF9e5IbhvEkfEiUUo3LiJR5QMdAzOkr8AFpVwWdZ5U0qowRw-RA
2017-03-04 13:51:01 | INFO  | AuthenticationTokenFilter:103 -  Null Check null
2017-03-04 13:51:01 | INFO  | AuthenticationTokenFilter:104 -  Request Method POST
2017-03-04 13:51:01 | INFO  | AuthenticationTokenFilter:118 - Inside filter chain . . 
2017-03-04 13:51:01 | INFO  | EmployeeController:215 - CONTROLLER : Inside the employee address change on controller...
2017-03-04 13:51:01 | INFO  | UserServiceImpl:551 - SERVICE : Inside the change contact details...
2017-03-04 13:51:01 | INFO  | UserServiceImpl:582 - SERVICE: Inside setting address details model object
2017-03-04 13:54:41 | INFO  | MLog:92 - MLog clients using log4j logging.
2017-03-04 13:54:41 | INFO  | C3P0Registry:216 - Initializing c3p0-0.9.2.1 [built 20-March-2013 10:47:27 +0000; debug? true; trace: 10]
2017-03-04 13:54:43 | INFO  | AbstractPoolBackedDataSource:522 - Initializing c3p0 pool... com.mchange.v2.c3p0.ComboPooledDataSource [ acquireIncrement -> 2, acquireRetryAttempts -> 30, acquireRetryDelay -> 1000, autoCommitOnClose -> false, automaticTestTable -> null, breakAfterAcquireFailure -> false, checkoutTimeout -> 0, connectionCustomizerClassName -> null, connectionTesterClassName -> com.mchange.v2.c3p0.impl.DefaultConnectionTester, dataSourceName -> 1hge8sh9m16ahm7chjsgmy|5cc1bf20, debugUnreturnedConnectionStackTraces -> false, description -> null, driverClass -> com.mysql.jdbc.Driver, factoryClassLocation -> null, forceIgnoreUnresolvedTransactions -> false, identityToken -> 1hge8sh9m16ahm7chjsgmy|5cc1bf20, idleConnectionTestPeriod -> 0, initialPoolSize -> 3, jdbcUrl -> jdbc:mysql://localhost:3306/nextgen, maxAdministrativeTaskTime -> 0, maxConnectionAge -> 0, maxIdleTime -> 600, maxIdleTimeExcessConnections -> 0, maxPoolSize -> 15, maxStatements -> 0, maxStatementsPerConnection -> 0, minPoolSize -> 5, numHelperThreads -> 3, preferredTestQuery -> null, properties -> {user=******, password=******}, propertyCycle -> 0, statementCacheNumDeferredCloseThreads -> 0, testConnectionOnCheckin -> false, testConnectionOnCheckout -> false, unreturnedConnectionTimeout -> 0, userOverrides -> {}, usesTraditionalReflectiveProxies -> false ]
2017-03-04 13:54:53 | INFO  | AbstractPoolBackedDataSource:522 - Initializing c3p0 pool... com.mchange.v2.c3p0.ComboPooledDataSource [ acquireIncrement -> 2, acquireRetryAttempts -> 30, acquireRetryDelay -> 1000, autoCommitOnClose -> false, automaticTestTable -> null, breakAfterAcquireFailure -> false, checkoutTimeout -> 0, connectionCustomizerClassName -> null, connectionTesterClassName -> com.mchange.v2.c3p0.impl.DefaultConnectionTester, dataSourceName -> 1hge8sh9m16ahm7chjsgmy|68fa8ea5, debugUnreturnedConnectionStackTraces -> false, description -> null, driverClass -> com.mysql.jdbc.Driver, factoryClassLocation -> null, forceIgnoreUnresolvedTransactions -> false, identityToken -> 1hge8sh9m16ahm7chjsgmy|68fa8ea5, idleConnectionTestPeriod -> 0, initialPoolSize -> 3, jdbcUrl -> jdbc:mysql://localhost:3306/nextgen, maxAdministrativeTaskTime -> 0, maxConnectionAge -> 0, maxIdleTime -> 600, maxIdleTimeExcessConnections -> 0, maxPoolSize -> 15, maxStatements -> 0, maxStatementsPerConnection -> 0, minPoolSize -> 5, numHelperThreads -> 3, preferredTestQuery -> null, properties -> {user=******, password=******}, propertyCycle -> 0, statementCacheNumDeferredCloseThreads -> 0, testConnectionOnCheckin -> false, testConnectionOnCheckout -> false, unreturnedConnectionTimeout -> 0, userOverrides -> {}, usesTraditionalReflectiveProxies -> false ]
2017-03-04 13:55:26 | INFO  | AuthenticationTokenFilter:83 - AUTH TOKEN					: eyJhbGciOiJIUzUxMiJ9.eyJzdWIiOiJnYXVyYXYuNTQxMEBob3RtYWlsLmNvbSIsImF1ZGllbmNlIjoid2ViIiwiY3JlYXRlZCI6MTQ4ODYxMzQxNDc4NCwiZXhwIjoxNDg4NjMxNDE0fQ.fmCKWHmSXHVVibdYX3rwgMGWF7tXZz3jpGSbF9e5IbhvEkfEiUUo3LiJR5QMdAzOkr8AFpVwWdZ5U0qowRw-RA
2017-03-04 13:55:26 | INFO  | AuthenticationTokenFilter:84 - URL 					: http://localhost:8080/NextGenHCM/api/admin/change/contactdetails
2017-03-04 13:55:26 | INFO  | AuthenticationTokenFilter:85 - METHOD TYPE 				: POST
2017-03-04 13:55:26 | INFO  | AuthenticationTokenFilter:86 - AUTH TYPE 					: null
2017-03-04 13:55:26 | INFO  | AuthenticationTokenFilter:90 - Request Header  			: host
2017-03-04 13:55:26 | INFO  | AuthenticationTokenFilter:90 - Request Header  			: connection
2017-03-04 13:55:26 | INFO  | AuthenticationTokenFilter:90 - Request Header  			: content-length
2017-03-04 13:55:26 | INFO  | AuthenticationTokenFilter:90 - Request Header  			: origin
2017-03-04 13:55:26 | INFO  | AuthenticationTokenFilter:90 - Request Header  			: postman-token
2017-03-04 13:55:26 | INFO  | AuthenticationTokenFilter:90 - Request Header  			: cache-control
2017-03-04 13:55:26 | INFO  | AuthenticationTokenFilter:90 - Request Header  			: x-auth-token
2017-03-04 13:55:26 | INFO  | AuthenticationTokenFilter:90 - Request Header  			: user-agent
2017-03-04 13:55:26 | INFO  | AuthenticationTokenFilter:90 - Request Header  			: content-type
2017-03-04 13:55:26 | INFO  | AuthenticationTokenFilter:90 - Request Header  			: accept
2017-03-04 13:55:26 | INFO  | AuthenticationTokenFilter:90 - Request Header  			: dnt
2017-03-04 13:55:26 | INFO  | AuthenticationTokenFilter:90 - Request Header  			: accept-encoding
2017-03-04 13:55:26 | INFO  | AuthenticationTokenFilter:90 - Request Header  			: accept-language
2017-03-04 13:55:26 | INFO  | TokenGenrator:262 - TOKEN : eyJhbGciOiJIUzUxMiJ9.eyJzdWIiOiJnYXVyYXYuNTQxMEBob3RtYWlsLmNvbSIsImF1ZGllbmNlIjoid2ViIiwiY3JlYXRlZCI6MTQ4ODYxMzQxNDc4NCwiZXhwIjoxNDg4NjMxNDE0fQ.fmCKWHmSXHVVibdYX3rwgMGWF7tXZz3jpGSbF9e5IbhvEkfEiUUo3LiJR5QMdAzOkr8AFpVwWdZ5U0qowRw-RA
2017-03-04 13:55:26 | INFO  | AuthenticationTokenFilter:103 -  Null Check null
2017-03-04 13:55:26 | INFO  | AuthenticationTokenFilter:104 -  Request Method POST
2017-03-04 13:55:26 | INFO  | AuthenticationTokenFilter:118 - Inside filter chain . . 
2017-03-04 13:55:26 | INFO  | EmployeeController:215 - CONTROLLER : Inside the employee address change on controller...
2017-03-04 13:55:26 | INFO  | UserServiceImpl:551 - SERVICE : Inside the change contact details...
2017-03-04 13:55:26 | INFO  | UserServiceImpl:582 - SERVICE: Inside setting address details model object
2017-03-04 14:00:37 | INFO  | AuthenticationTokenFilter:83 - AUTH TOKEN					: eyJhbGciOiJIUzUxMiJ9.eyJzdWIiOiJnYXVyYXYuNTQxMEBob3RtYWlsLmNvbSIsImF1ZGllbmNlIjoid2ViIiwiY3JlYXRlZCI6MTQ4ODYxMzQxNDc4NCwiZXhwIjoxNDg4NjMxNDE0fQ.fmCKWHmSXHVVibdYX3rwgMGWF7tXZz3jpGSbF9e5IbhvEkfEiUUo3LiJR5QMdAzOkr8AFpVwWdZ5U0qowRw-RA
2017-03-04 14:00:37 | INFO  | AuthenticationTokenFilter:84 - URL 					: http://localhost:8080/NextGenHCM/api/admin/change/contactdetails
2017-03-04 14:00:37 | INFO  | AuthenticationTokenFilter:85 - METHOD TYPE 				: POST
2017-03-04 14:00:37 | INFO  | AuthenticationTokenFilter:86 - AUTH TYPE 					: null
2017-03-04 14:00:37 | INFO  | AuthenticationTokenFilter:90 - Request Header  			: host
2017-03-04 14:00:37 | INFO  | AuthenticationTokenFilter:90 - Request Header  			: connection
2017-03-04 14:00:37 | INFO  | AuthenticationTokenFilter:90 - Request Header  			: content-length
2017-03-04 14:00:37 | INFO  | AuthenticationTokenFilter:90 - Request Header  			: origin
2017-03-04 14:00:37 | INFO  | AuthenticationTokenFilter:90 - Request Header  			: postman-token
2017-03-04 14:00:37 | INFO  | AuthenticationTokenFilter:90 - Request Header  			: cache-control
2017-03-04 14:00:37 | INFO  | AuthenticationTokenFilter:90 - Request Header  			: x-auth-token
2017-03-04 14:00:37 | INFO  | AuthenticationTokenFilter:90 - Request Header  			: user-agent
2017-03-04 14:00:37 | INFO  | AuthenticationTokenFilter:90 - Request Header  			: content-type
2017-03-04 14:00:37 | INFO  | AuthenticationTokenFilter:90 - Request Header  			: accept
2017-03-04 14:00:37 | INFO  | AuthenticationTokenFilter:90 - Request Header  			: dnt
2017-03-04 14:00:37 | INFO  | AuthenticationTokenFilter:90 - Request Header  			: accept-encoding
2017-03-04 14:00:37 | INFO  | AuthenticationTokenFilter:90 - Request Header  			: accept-language
2017-03-04 14:00:37 | INFO  | TokenGenrator:262 - TOKEN : eyJhbGciOiJIUzUxMiJ9.eyJzdWIiOiJnYXVyYXYuNTQxMEBob3RtYWlsLmNvbSIsImF1ZGllbmNlIjoid2ViIiwiY3JlYXRlZCI6MTQ4ODYxMzQxNDc4NCwiZXhwIjoxNDg4NjMxNDE0fQ.fmCKWHmSXHVVibdYX3rwgMGWF7tXZz3jpGSbF9e5IbhvEkfEiUUo3LiJR5QMdAzOkr8AFpVwWdZ5U0qowRw-RA
2017-03-04 14:00:37 | INFO  | AuthenticationTokenFilter:103 -  Null Check null
2017-03-04 14:00:37 | INFO  | AuthenticationTokenFilter:104 -  Request Method POST
2017-03-04 14:00:37 | INFO  | AuthenticationTokenFilter:118 - Inside filter chain . . 
2017-03-04 14:00:37 | INFO  | EmployeeController:215 - CONTROLLER : Inside the employee address change on controller...
2017-03-04 14:00:37 | INFO  | UserServiceImpl:551 - SERVICE : Inside the change contact details...
2017-03-04 14:00:37 | INFO  | UserServiceImpl:582 - SERVICE: Inside setting address details model object
2017-03-04 14:13:41 | INFO  | MLog:92 - MLog clients using log4j logging.
2017-03-04 14:13:41 | INFO  | C3P0Registry:216 - Initializing c3p0-0.9.2.1 [built 20-March-2013 10:47:27 +0000; debug? true; trace: 10]
2017-03-04 14:13:42 | INFO  | AbstractPoolBackedDataSource:522 - Initializing c3p0 pool... com.mchange.v2.c3p0.ComboPooledDataSource [ acquireIncrement -> 2, acquireRetryAttempts -> 30, acquireRetryDelay -> 1000, autoCommitOnClose -> false, automaticTestTable -> null, breakAfterAcquireFailure -> false, checkoutTimeout -> 0, connectionCustomizerClassName -> null, connectionTesterClassName -> com.mchange.v2.c3p0.impl.DefaultConnectionTester, dataSourceName -> 1hge8sh9m16b61qjl7tba6|21a02556, debugUnreturnedConnectionStackTraces -> false, description -> null, driverClass -> com.mysql.jdbc.Driver, factoryClassLocation -> null, forceIgnoreUnresolvedTransactions -> false, identityToken -> 1hge8sh9m16b61qjl7tba6|21a02556, idleConnectionTestPeriod -> 0, initialPoolSize -> 3, jdbcUrl -> jdbc:mysql://localhost:3306/nextgen, maxAdministrativeTaskTime -> 0, maxConnectionAge -> 0, maxIdleTime -> 600, maxIdleTimeExcessConnections -> 0, maxPoolSize -> 15, maxStatements -> 0, maxStatementsPerConnection -> 0, minPoolSize -> 5, numHelperThreads -> 3, preferredTestQuery -> null, properties -> {user=******, password=******}, propertyCycle -> 0, statementCacheNumDeferredCloseThreads -> 0, testConnectionOnCheckin -> false, testConnectionOnCheckout -> false, unreturnedConnectionTimeout -> 0, userOverrides -> {}, usesTraditionalReflectiveProxies -> false ]
2017-03-04 14:13:45 | INFO  | AbstractPoolBackedDataSource:522 - Initializing c3p0 pool... com.mchange.v2.c3p0.ComboPooledDataSource [ acquireIncrement -> 2, acquireRetryAttempts -> 30, acquireRetryDelay -> 1000, autoCommitOnClose -> false, automaticTestTable -> null, breakAfterAcquireFailure -> false, checkoutTimeout -> 0, connectionCustomizerClassName -> null, connectionTesterClassName -> com.mchange.v2.c3p0.impl.DefaultConnectionTester, dataSourceName -> 1hge8sh9m16b61qjl7tba6|498e41a4, debugUnreturnedConnectionStackTraces -> false, description -> null, driverClass -> com.mysql.jdbc.Driver, factoryClassLocation -> null, forceIgnoreUnresolvedTransactions -> false, identityToken -> 1hge8sh9m16b61qjl7tba6|498e41a4, idleConnectionTestPeriod -> 0, initialPoolSize -> 3, jdbcUrl -> jdbc:mysql://localhost:3306/nextgen, maxAdministrativeTaskTime -> 0, maxConnectionAge -> 0, maxIdleTime -> 600, maxIdleTimeExcessConnections -> 0, maxPoolSize -> 15, maxStatements -> 0, maxStatementsPerConnection -> 0, minPoolSize -> 5, numHelperThreads -> 3, preferredTestQuery -> null, properties -> {user=******, password=******}, propertyCycle -> 0, statementCacheNumDeferredCloseThreads -> 0, testConnectionOnCheckin -> false, testConnectionOnCheckout -> false, unreturnedConnectionTimeout -> 0, userOverrides -> {}, usesTraditionalReflectiveProxies -> false ]
2017-03-04 14:15:32 | INFO  | AuthenticationTokenFilter:83 - AUTH TOKEN					: eyJhbGciOiJIUzUxMiJ9.eyJzdWIiOiJnYXVyYXYuNTQxMEBob3RtYWlsLmNvbSIsImF1ZGllbmNlIjoid2ViIiwiY3JlYXRlZCI6MTQ4ODYxMzQxNDc4NCwiZXhwIjoxNDg4NjMxNDE0fQ.fmCKWHmSXHVVibdYX3rwgMGWF7tXZz3jpGSbF9e5IbhvEkfEiUUo3LiJR5QMdAzOkr8AFpVwWdZ5U0qowRw-RA
2017-03-04 14:15:32 | INFO  | AuthenticationTokenFilter:84 - URL 					: http://localhost:8080/NextGenHCM/api/admin/change/contactdetails
2017-03-04 14:15:32 | INFO  | AuthenticationTokenFilter:85 - METHOD TYPE 				: POST
2017-03-04 14:15:32 | INFO  | AuthenticationTokenFilter:86 - AUTH TYPE 					: null
2017-03-04 14:15:32 | INFO  | AuthenticationTokenFilter:90 - Request Header  			: host
2017-03-04 14:15:32 | INFO  | AuthenticationTokenFilter:90 - Request Header  			: connection
2017-03-04 14:15:32 | INFO  | AuthenticationTokenFilter:90 - Request Header  			: content-length
2017-03-04 14:15:32 | INFO  | AuthenticationTokenFilter:90 - Request Header  			: origin
2017-03-04 14:15:32 | INFO  | AuthenticationTokenFilter:90 - Request Header  			: postman-token
2017-03-04 14:15:32 | INFO  | AuthenticationTokenFilter:90 - Request Header  			: cache-control
2017-03-04 14:15:32 | INFO  | AuthenticationTokenFilter:90 - Request Header  			: x-auth-token
2017-03-04 14:15:32 | INFO  | AuthenticationTokenFilter:90 - Request Header  			: user-agent
2017-03-04 14:15:32 | INFO  | AuthenticationTokenFilter:90 - Request Header  			: content-type
2017-03-04 14:15:32 | INFO  | AuthenticationTokenFilter:90 - Request Header  			: accept
2017-03-04 14:15:32 | INFO  | AuthenticationTokenFilter:90 - Request Header  			: dnt
2017-03-04 14:15:32 | INFO  | AuthenticationTokenFilter:90 - Request Header  			: accept-encoding
2017-03-04 14:15:32 | INFO  | AuthenticationTokenFilter:90 - Request Header  			: accept-language
2017-03-04 14:15:32 | INFO  | TokenGenrator:262 - TOKEN : eyJhbGciOiJIUzUxMiJ9.eyJzdWIiOiJnYXVyYXYuNTQxMEBob3RtYWlsLmNvbSIsImF1ZGllbmNlIjoid2ViIiwiY3JlYXRlZCI6MTQ4ODYxMzQxNDc4NCwiZXhwIjoxNDg4NjMxNDE0fQ.fmCKWHmSXHVVibdYX3rwgMGWF7tXZz3jpGSbF9e5IbhvEkfEiUUo3LiJR5QMdAzOkr8AFpVwWdZ5U0qowRw-RA
2017-03-04 14:15:32 | INFO  | AuthenticationTokenFilter:103 -  Null Check null
2017-03-04 14:15:32 | INFO  | AuthenticationTokenFilter:104 -  Request Method POST
2017-03-04 14:15:32 | INFO  | AuthenticationTokenFilter:118 - Inside filter chain . . 
2017-03-04 14:15:32 | INFO  | EmployeeController:215 - CONTROLLER : Inside the employee address change on controller...
2017-03-04 14:15:32 | INFO  | UserServiceImpl:551 - SERVICE : Inside the change contact details...
2017-03-04 14:15:32 | INFO  | UserServiceImpl:583 - SERVICE: Inside setting address details model object
2017-03-04 14:16:39 | INFO  | MLog:92 - MLog clients using log4j logging.
2017-03-04 14:16:39 | INFO  | C3P0Registry:216 - Initializing c3p0-0.9.2.1 [built 20-March-2013 10:47:27 +0000; debug? true; trace: 10]
2017-03-04 14:16:40 | INFO  | AbstractPoolBackedDataSource:522 - Initializing c3p0 pool... com.mchange.v2.c3p0.ComboPooledDataSource [ acquireIncrement -> 2, acquireRetryAttempts -> 30, acquireRetryDelay -> 1000, autoCommitOnClose -> false, automaticTestTable -> null, breakAfterAcquireFailure -> false, checkoutTimeout -> 0, connectionCustomizerClassName -> null, connectionTesterClassName -> com.mchange.v2.c3p0.impl.DefaultConnectionTester, dataSourceName -> 1hge8sh9m16b9uyc14sfw2y|30839e44, debugUnreturnedConnectionStackTraces -> false, description -> null, driverClass -> com.mysql.jdbc.Driver, factoryClassLocation -> null, forceIgnoreUnresolvedTransactions -> false, identityToken -> 1hge8sh9m16b9uyc14sfw2y|30839e44, idleConnectionTestPeriod -> 0, initialPoolSize -> 3, jdbcUrl -> jdbc:mysql://localhost:3306/nextgen, maxAdministrativeTaskTime -> 0, maxConnectionAge -> 0, maxIdleTime -> 600, maxIdleTimeExcessConnections -> 0, maxPoolSize -> 15, maxStatements -> 0, maxStatementsPerConnection -> 0, minPoolSize -> 5, numHelperThreads -> 3, preferredTestQuery -> null, properties -> {user=******, password=******}, propertyCycle -> 0, statementCacheNumDeferredCloseThreads -> 0, testConnectionOnCheckin -> false, testConnectionOnCheckout -> false, unreturnedConnectionTimeout -> 0, userOverrides -> {}, usesTraditionalReflectiveProxies -> false ]
2017-03-04 14:16:45 | INFO  | DatabaseMetaData:147 - HHH000262: Table not found: address
2017-03-04 14:16:45 | INFO  | DatabaseMetaData:147 - HHH000262: Table not found: address_usage
2017-03-04 14:16:45 | INFO  | DatabaseMetaData:147 - HHH000262: Table not found: address
2017-03-04 14:16:45 | INFO  | DatabaseMetaData:147 - HHH000262: Table not found: address_usage
2017-03-04 14:16:45 | INFO  | DatabaseMetaData:147 - HHH000262: Table not found: address
2017-03-04 14:16:45 | INFO  | DatabaseMetaData:147 - HHH000262: Table not found: address_usage
2017-03-04 14:16:47 | INFO  | AbstractPoolBackedDataSource:522 - Initializing c3p0 pool... com.mchange.v2.c3p0.ComboPooledDataSource [ acquireIncrement -> 2, acquireRetryAttempts -> 30, acquireRetryDelay -> 1000, autoCommitOnClose -> false, automaticTestTable -> null, breakAfterAcquireFailure -> false, checkoutTimeout -> 0, connectionCustomizerClassName -> null, connectionTesterClassName -> com.mchange.v2.c3p0.impl.DefaultConnectionTester, dataSourceName -> 1hge8sh9m16b9uyc14sfw2y|ca2be53, debugUnreturnedConnectionStackTraces -> false, description -> null, driverClass -> com.mysql.jdbc.Driver, factoryClassLocation -> null, forceIgnoreUnresolvedTransactions -> false, identityToken -> 1hge8sh9m16b9uyc14sfw2y|ca2be53, idleConnectionTestPeriod -> 0, initialPoolSize -> 3, jdbcUrl -> jdbc:mysql://localhost:3306/nextgen, maxAdministrativeTaskTime -> 0, maxConnectionAge -> 0, maxIdleTime -> 600, maxIdleTimeExcessConnections -> 0, maxPoolSize -> 15, maxStatements -> 0, maxStatementsPerConnection -> 0, minPoolSize -> 5, numHelperThreads -> 3, preferredTestQuery -> null, properties -> {user=******, password=******}, propertyCycle -> 0, statementCacheNumDeferredCloseThreads -> 0, testConnectionOnCheckin -> false, testConnectionOnCheckout -> false, unreturnedConnectionTimeout -> 0, userOverrides -> {}, usesTraditionalReflectiveProxies -> false ]
2017-03-04 14:16:47 | INFO  | DatabaseMetaData:147 - HHH000262: Table not found: address
2017-03-04 14:16:47 | INFO  | DatabaseMetaData:147 - HHH000262: Table not found: address_usage
2017-03-04 14:16:48 | INFO  | DatabaseMetaData:147 - HHH000262: Table not found: address
2017-03-04 14:16:48 | INFO  | DatabaseMetaData:147 - HHH000262: Table not found: address_usage
2017-03-04 14:16:48 | INFO  | DatabaseMetaData:147 - HHH000262: Table not found: address
2017-03-04 14:16:48 | INFO  | DatabaseMetaData:147 - HHH000262: Table not found: address_usage
2017-03-04 14:20:06 | INFO  | MLog:92 - MLog clients using log4j logging.
2017-03-04 14:20:06 | INFO  | C3P0Registry:216 - Initializing c3p0-0.9.2.1 [built 20-March-2013 10:47:27 +0000; debug? true; trace: 10]
2017-03-04 14:20:07 | INFO  | AbstractPoolBackedDataSource:522 - Initializing c3p0 pool... com.mchange.v2.c3p0.ComboPooledDataSource [ acquireIncrement -> 2, acquireRetryAttempts -> 30, acquireRetryDelay -> 1000, autoCommitOnClose -> false, automaticTestTable -> null, breakAfterAcquireFailure -> false, checkoutTimeout -> 0, connectionCustomizerClassName -> null, connectionTesterClassName -> com.mchange.v2.c3p0.impl.DefaultConnectionTester, dataSourceName -> 1hge8sh9m16beaxe1b3b1gy|10a98392, debugUnreturnedConnectionStackTraces -> false, description -> null, driverClass -> com.mysql.jdbc.Driver, factoryClassLocation -> null, forceIgnoreUnresolvedTransactions -> false, identityToken -> 1hge8sh9m16beaxe1b3b1gy|10a98392, idleConnectionTestPeriod -> 0, initialPoolSize -> 3, jdbcUrl -> jdbc:mysql://localhost:3306/nextgen, maxAdministrativeTaskTime -> 0, maxConnectionAge -> 0, maxIdleTime -> 600, maxIdleTimeExcessConnections -> 0, maxPoolSize -> 15, maxStatements -> 0, maxStatementsPerConnection -> 0, minPoolSize -> 5, numHelperThreads -> 3, preferredTestQuery -> null, properties -> {user=******, password=******}, propertyCycle -> 0, statementCacheNumDeferredCloseThreads -> 0, testConnectionOnCheckin -> false, testConnectionOnCheckout -> false, unreturnedConnectionTimeout -> 0, userOverrides -> {}, usesTraditionalReflectiveProxies -> false ]
2017-03-04 14:20:08 | INFO  | DatabaseMetaData:147 - HHH000262: Table not found: address
2017-03-04 14:20:08 | INFO  | DatabaseMetaData:147 - HHH000262: Table not found: address_usage
2017-03-04 14:20:09 | INFO  | DatabaseMetaData:147 - HHH000262: Table not found: address
2017-03-04 14:20:09 | INFO  | DatabaseMetaData:147 - HHH000262: Table not found: address_usage
2017-03-04 14:20:09 | INFO  | DatabaseMetaData:147 - HHH000262: Table not found: address
2017-03-04 14:20:09 | INFO  | DatabaseMetaData:147 - HHH000262: Table not found: address_usage
2017-03-04 14:20:11 | INFO  | AbstractPoolBackedDataSource:522 - Initializing c3p0 pool... com.mchange.v2.c3p0.ComboPooledDataSource [ acquireIncrement -> 2, acquireRetryAttempts -> 30, acquireRetryDelay -> 1000, autoCommitOnClose -> false, automaticTestTable -> null, breakAfterAcquireFailure -> false, checkoutTimeout -> 0, connectionCustomizerClassName -> null, connectionTesterClassName -> com.mchange.v2.c3p0.impl.DefaultConnectionTester, dataSourceName -> 1hge8sh9m16beaxe1b3b1gy|42b43a6, debugUnreturnedConnectionStackTraces -> false, description -> null, driverClass -> com.mysql.jdbc.Driver, factoryClassLocation -> null, forceIgnoreUnresolvedTransactions -> false, identityToken -> 1hge8sh9m16beaxe1b3b1gy|42b43a6, idleConnectionTestPeriod -> 0, initialPoolSize -> 3, jdbcUrl -> jdbc:mysql://localhost:3306/nextgen, maxAdministrativeTaskTime -> 0, maxConnectionAge -> 0, maxIdleTime -> 600, maxIdleTimeExcessConnections -> 0, maxPoolSize -> 15, maxStatements -> 0, maxStatementsPerConnection -> 0, minPoolSize -> 5, numHelperThreads -> 3, preferredTestQuery -> null, properties -> {user=******, password=******}, propertyCycle -> 0, statementCacheNumDeferredCloseThreads -> 0, testConnectionOnCheckin -> false, testConnectionOnCheckout -> false, unreturnedConnectionTimeout -> 0, userOverrides -> {}, usesTraditionalReflectiveProxies -> false ]
2017-03-04 14:20:11 | INFO  | DatabaseMetaData:147 - HHH000262: Table not found: address
2017-03-04 14:20:11 | INFO  | DatabaseMetaData:147 - HHH000262: Table not found: address_usage
2017-03-04 14:20:11 | INFO  | DatabaseMetaData:147 - HHH000262: Table not found: address
2017-03-04 14:20:11 | INFO  | DatabaseMetaData:147 - HHH000262: Table not found: address_usage
2017-03-04 14:20:11 | INFO  | DatabaseMetaData:147 - HHH000262: Table not found: address
2017-03-04 14:20:11 | INFO  | DatabaseMetaData:147 - HHH000262: Table not found: address_usage
2017-03-04 14:24:57 | INFO  | MLog:92 - MLog clients using log4j logging.
2017-03-04 14:24:57 | INFO  | C3P0Registry:216 - Initializing c3p0-0.9.2.1 [built 20-March-2013 10:47:27 +0000; debug? true; trace: 10]
2017-03-04 14:24:58 | INFO  | AbstractPoolBackedDataSource:522 - Initializing c3p0 pool... com.mchange.v2.c3p0.ComboPooledDataSource [ acquireIncrement -> 2, acquireRetryAttempts -> 30, acquireRetryDelay -> 1000, autoCommitOnClose -> false, automaticTestTable -> null, breakAfterAcquireFailure -> false, checkoutTimeout -> 0, connectionCustomizerClassName -> null, connectionTesterClassName -> com.mchange.v2.c3p0.impl.DefaultConnectionTester, dataSourceName -> 1hge8sh9m16bkj3b1gdovgs|21a02556, debugUnreturnedConnectionStackTraces -> false, description -> null, driverClass -> com.mysql.jdbc.Driver, factoryClassLocation -> null, forceIgnoreUnresolvedTransactions -> false, identityToken -> 1hge8sh9m16bkj3b1gdovgs|21a02556, idleConnectionTestPeriod -> 0, initialPoolSize -> 3, jdbcUrl -> jdbc:mysql://localhost:3306/nextgen, maxAdministrativeTaskTime -> 0, maxConnectionAge -> 0, maxIdleTime -> 600, maxIdleTimeExcessConnections -> 0, maxPoolSize -> 15, maxStatements -> 0, maxStatementsPerConnection -> 0, minPoolSize -> 5, numHelperThreads -> 3, preferredTestQuery -> null, properties -> {user=******, password=******}, propertyCycle -> 0, statementCacheNumDeferredCloseThreads -> 0, testConnectionOnCheckin -> false, testConnectionOnCheckout -> false, unreturnedConnectionTimeout -> 0, userOverrides -> {}, usesTraditionalReflectiveProxies -> false ]
2017-03-04 14:24:59 | INFO  | DatabaseMetaData:147 - HHH000262: Table not found: address
2017-03-04 14:24:59 | INFO  | DatabaseMetaData:147 - HHH000262: Table not found: address_usage
2017-03-04 14:25:00 | INFO  | DatabaseMetaData:147 - HHH000262: Table not found: address
2017-03-04 14:25:00 | INFO  | DatabaseMetaData:147 - HHH000262: Table not found: address_usage
2017-03-04 14:25:00 | INFO  | DatabaseMetaData:147 - HHH000262: Table not found: address
2017-03-04 14:25:00 | INFO  | DatabaseMetaData:147 - HHH000262: Table not found: address_usage
2017-03-04 14:25:02 | INFO  | AbstractPoolBackedDataSource:522 - Initializing c3p0 pool... com.mchange.v2.c3p0.ComboPooledDataSource [ acquireIncrement -> 2, acquireRetryAttempts -> 30, acquireRetryDelay -> 1000, autoCommitOnClose -> false, automaticTestTable -> null, breakAfterAcquireFailure -> false, checkoutTimeout -> 0, connectionCustomizerClassName -> null, connectionTesterClassName -> com.mchange.v2.c3p0.impl.DefaultConnectionTester, dataSourceName -> 1hge8sh9m16bkj3b1gdovgs|ca2be53, debugUnreturnedConnectionStackTraces -> false, description -> null, driverClass -> com.mysql.jdbc.Driver, factoryClassLocation -> null, forceIgnoreUnresolvedTransactions -> false, identityToken -> 1hge8sh9m16bkj3b1gdovgs|ca2be53, idleConnectionTestPeriod -> 0, initialPoolSize -> 3, jdbcUrl -> jdbc:mysql://localhost:3306/nextgen, maxAdministrativeTaskTime -> 0, maxConnectionAge -> 0, maxIdleTime -> 600, maxIdleTimeExcessConnections -> 0, maxPoolSize -> 15, maxStatements -> 0, maxStatementsPerConnection -> 0, minPoolSize -> 5, numHelperThreads -> 3, preferredTestQuery -> null, properties -> {user=******, password=******}, propertyCycle -> 0, statementCacheNumDeferredCloseThreads -> 0, testConnectionOnCheckin -> false, testConnectionOnCheckout -> false, unreturnedConnectionTimeout -> 0, userOverrides -> {}, usesTraditionalReflectiveProxies -> false ]
2017-03-04 14:25:02 | INFO  | DatabaseMetaData:147 - HHH000262: Table not found: address
2017-03-04 14:25:03 | INFO  | DatabaseMetaData:147 - HHH000262: Table not found: address_usage
2017-03-04 14:25:03 | INFO  | DatabaseMetaData:147 - HHH000262: Table not found: address
2017-03-04 14:25:03 | INFO  | DatabaseMetaData:147 - HHH000262: Table not found: address_usage
2017-03-04 14:25:03 | INFO  | DatabaseMetaData:147 - HHH000262: Table not found: address
2017-03-04 14:25:03 | INFO  | DatabaseMetaData:147 - HHH000262: Table not found: address_usage
2017-03-04 14:42:42 | INFO  | MLog:92 - MLog clients using log4j logging.
2017-03-04 14:42:42 | INFO  | C3P0Registry:216 - Initializing c3p0-0.9.2.1 [built 20-March-2013 10:47:27 +0000; debug? true; trace: 10]
2017-03-04 14:42:43 | INFO  | AbstractPoolBackedDataSource:522 - Initializing c3p0 pool... com.mchange.v2.c3p0.ComboPooledDataSource [ acquireIncrement -> 2, acquireRetryAttempts -> 30, acquireRetryDelay -> 1000, autoCommitOnClose -> false, automaticTestTable -> null, breakAfterAcquireFailure -> false, checkoutTimeout -> 0, connectionCustomizerClassName -> null, connectionTesterClassName -> com.mchange.v2.c3p0.impl.DefaultConnectionTester, dataSourceName -> 1hge8sh9m16c7d925gudca|3003e580, debugUnreturnedConnectionStackTraces -> false, description -> null, driverClass -> com.mysql.jdbc.Driver, factoryClassLocation -> null, forceIgnoreUnresolvedTransactions -> false, identityToken -> 1hge8sh9m16c7d925gudca|3003e580, idleConnectionTestPeriod -> 0, initialPoolSize -> 3, jdbcUrl -> jdbc:mysql://localhost:3306/nextgen, maxAdministrativeTaskTime -> 0, maxConnectionAge -> 0, maxIdleTime -> 600, maxIdleTimeExcessConnections -> 0, maxPoolSize -> 15, maxStatements -> 0, maxStatementsPerConnection -> 0, minPoolSize -> 5, numHelperThreads -> 3, preferredTestQuery -> null, properties -> {user=******, password=******}, propertyCycle -> 0, statementCacheNumDeferredCloseThreads -> 0, testConnectionOnCheckin -> false, testConnectionOnCheckout -> false, unreturnedConnectionTimeout -> 0, userOverrides -> {}, usesTraditionalReflectiveProxies -> false ]
2017-03-04 14:42:45 | INFO  | DatabaseMetaData:147 - HHH000262: Table not found: address
2017-03-04 14:42:45 | INFO  | DatabaseMetaData:147 - HHH000262: Table not found: address_usage
2017-03-04 14:42:45 | INFO  | DatabaseMetaData:147 - HHH000262: Table not found: address
2017-03-04 14:42:45 | INFO  | DatabaseMetaData:147 - HHH000262: Table not found: address_usage
2017-03-04 14:42:45 | INFO  | DatabaseMetaData:147 - HHH000262: Table not found: address
2017-03-04 14:42:45 | INFO  | DatabaseMetaData:147 - HHH000262: Table not found: address_usage
2017-03-04 14:42:47 | INFO  | AbstractPoolBackedDataSource:522 - Initializing c3p0 pool... com.mchange.v2.c3p0.ComboPooledDataSource [ acquireIncrement -> 2, acquireRetryAttempts -> 30, acquireRetryDelay -> 1000, autoCommitOnClose -> false, automaticTestTable -> null, breakAfterAcquireFailure -> false, checkoutTimeout -> 0, connectionCustomizerClassName -> null, connectionTesterClassName -> com.mchange.v2.c3p0.impl.DefaultConnectionTester, dataSourceName -> 1hge8sh9m16c7d925gudca|1e8bccfb, debugUnreturnedConnectionStackTraces -> false, description -> null, driverClass -> com.mysql.jdbc.Driver, factoryClassLocation -> null, forceIgnoreUnresolvedTransactions -> false, identityToken -> 1hge8sh9m16c7d925gudca|1e8bccfb, idleConnectionTestPeriod -> 0, initialPoolSize -> 3, jdbcUrl -> jdbc:mysql://localhost:3306/nextgen, maxAdministrativeTaskTime -> 0, maxConnectionAge -> 0, maxIdleTime -> 600, maxIdleTimeExcessConnections -> 0, maxPoolSize -> 15, maxStatements -> 0, maxStatementsPerConnection -> 0, minPoolSize -> 5, numHelperThreads -> 3, preferredTestQuery -> null, properties -> {user=******, password=******}, propertyCycle -> 0, statementCacheNumDeferredCloseThreads -> 0, testConnectionOnCheckin -> false, testConnectionOnCheckout -> false, unreturnedConnectionTimeout -> 0, userOverrides -> {}, usesTraditionalReflectiveProxies -> false ]
2017-03-04 14:42:47 | INFO  | DatabaseMetaData:147 - HHH000262: Table not found: address
2017-03-04 14:42:48 | INFO  | DatabaseMetaData:147 - HHH000262: Table not found: address_usage
2017-03-04 14:42:48 | INFO  | DatabaseMetaData:147 - HHH000262: Table not found: address
2017-03-04 14:42:48 | INFO  | DatabaseMetaData:147 - HHH000262: Table not found: address_usage
2017-03-04 14:42:48 | INFO  | DatabaseMetaData:147 - HHH000262: Table not found: address
2017-03-04 14:42:48 | INFO  | DatabaseMetaData:147 - HHH000262: Table not found: address_usage
2017-03-04 14:44:14 | INFO  | MLog:92 - MLog clients using log4j logging.
2017-03-04 14:44:14 | INFO  | C3P0Registry:216 - Initializing c3p0-0.9.2.1 [built 20-March-2013 10:47:27 +0000; debug? true; trace: 10]
2017-03-04 14:44:15 | INFO  | AbstractPoolBackedDataSource:522 - Initializing c3p0 pool... com.mchange.v2.c3p0.ComboPooledDataSource [ acquireIncrement -> 2, acquireRetryAttempts -> 30, acquireRetryDelay -> 1000, autoCommitOnClose -> false, automaticTestTable -> null, breakAfterAcquireFailure -> false, checkoutTimeout -> 0, connectionCustomizerClassName -> null, connectionTesterClassName -> com.mchange.v2.c3p0.impl.DefaultConnectionTester, dataSourceName -> 1hge8sh9m16c9byk1kwsvr5|41da3aee, debugUnreturnedConnectionStackTraces -> false, description -> null, driverClass -> com.mysql.jdbc.Driver, factoryClassLocation -> null, forceIgnoreUnresolvedTransactions -> false, identityToken -> 1hge8sh9m16c9byk1kwsvr5|41da3aee, idleConnectionTestPeriod -> 0, initialPoolSize -> 3, jdbcUrl -> jdbc:mysql://localhost:3306/nextgen, maxAdministrativeTaskTime -> 0, maxConnectionAge -> 0, maxIdleTime -> 600, maxIdleTimeExcessConnections -> 0, maxPoolSize -> 15, maxStatements -> 0, maxStatementsPerConnection -> 0, minPoolSize -> 5, numHelperThreads -> 3, preferredTestQuery -> null, properties -> {user=******, password=******}, propertyCycle -> 0, statementCacheNumDeferredCloseThreads -> 0, testConnectionOnCheckin -> false, testConnectionOnCheckout -> false, unreturnedConnectionTimeout -> 0, userOverrides -> {}, usesTraditionalReflectiveProxies -> false ]
2017-03-04 14:44:16 | INFO  | DatabaseMetaData:147 - HHH000262: Table not found: address_usage
2017-03-04 14:44:17 | INFO  | DatabaseMetaData:147 - HHH000262: Table not found: address_usage
2017-03-04 14:44:17 | INFO  | DatabaseMetaData:147 - HHH000262: Table not found: address_usage
2017-03-04 14:44:24 | INFO  | AbstractPoolBackedDataSource:522 - Initializing c3p0 pool... com.mchange.v2.c3p0.ComboPooledDataSource [ acquireIncrement -> 2, acquireRetryAttempts -> 30, acquireRetryDelay -> 1000, autoCommitOnClose -> false, automaticTestTable -> null, breakAfterAcquireFailure -> false, checkoutTimeout -> 0, connectionCustomizerClassName -> null, connectionTesterClassName -> com.mchange.v2.c3p0.impl.DefaultConnectionTester, dataSourceName -> 1hge8sh9m16c9byk1kwsvr5|42b43a6, debugUnreturnedConnectionStackTraces -> false, description -> null, driverClass -> com.mysql.jdbc.Driver, factoryClassLocation -> null, forceIgnoreUnresolvedTransactions -> false, identityToken -> 1hge8sh9m16c9byk1kwsvr5|42b43a6, idleConnectionTestPeriod -> 0, initialPoolSize -> 3, jdbcUrl -> jdbc:mysql://localhost:3306/nextgen, maxAdministrativeTaskTime -> 0, maxConnectionAge -> 0, maxIdleTime -> 600, maxIdleTimeExcessConnections -> 0, maxPoolSize -> 15, maxStatements -> 0, maxStatementsPerConnection -> 0, minPoolSize -> 5, numHelperThreads -> 3, preferredTestQuery -> null, properties -> {user=******, password=******}, propertyCycle -> 0, statementCacheNumDeferredCloseThreads -> 0, testConnectionOnCheckin -> false, testConnectionOnCheckout -> false, unreturnedConnectionTimeout -> 0, userOverrides -> {}, usesTraditionalReflectiveProxies -> false ]
2017-03-04 14:44:24 | INFO  | DatabaseMetaData:147 - HHH000262: Table not found: address_usage
2017-03-04 14:44:25 | INFO  | DatabaseMetaData:147 - HHH000262: Table not found: address_usage
2017-03-04 14:44:25 | INFO  | DatabaseMetaData:147 - HHH000262: Table not found: address_usage
2017-03-04 14:49:11 | INFO  | MLog:92 - MLog clients using log4j logging.
2017-03-04 14:49:11 | INFO  | C3P0Registry:216 - Initializing c3p0-0.9.2.1 [built 20-March-2013 10:47:27 +0000; debug? true; trace: 10]
2017-03-04 14:49:11 | INFO  | AbstractPoolBackedDataSource:522 - Initializing c3p0 pool... com.mchange.v2.c3p0.ComboPooledDataSource [ acquireIncrement -> 2, acquireRetryAttempts -> 30, acquireRetryDelay -> 1000, autoCommitOnClose -> false, automaticTestTable -> null, breakAfterAcquireFailure -> false, checkoutTimeout -> 0, connectionCustomizerClassName -> null, connectionTesterClassName -> com.mchange.v2.c3p0.impl.DefaultConnectionTester, dataSourceName -> 1hge8sh9m16cfoqvcw0kug|10a98392, debugUnreturnedConnectionStackTraces -> false, description -> null, driverClass -> com.mysql.jdbc.Driver, factoryClassLocation -> null, forceIgnoreUnresolvedTransactions -> false, identityToken -> 1hge8sh9m16cfoqvcw0kug|10a98392, idleConnectionTestPeriod -> 0, initialPoolSize -> 3, jdbcUrl -> jdbc:mysql://localhost:3306/nextgen, maxAdministrativeTaskTime -> 0, maxConnectionAge -> 0, maxIdleTime -> 600, maxIdleTimeExcessConnections -> 0, maxPoolSize -> 15, maxStatements -> 0, maxStatementsPerConnection -> 0, minPoolSize -> 5, numHelperThreads -> 3, preferredTestQuery -> null, properties -> {user=******, password=******}, propertyCycle -> 0, statementCacheNumDeferredCloseThreads -> 0, testConnectionOnCheckin -> false, testConnectionOnCheckout -> false, unreturnedConnectionTimeout -> 0, userOverrides -> {}, usesTraditionalReflectiveProxies -> false ]
2017-03-04 14:49:15 | INFO  | AbstractPoolBackedDataSource:522 - Initializing c3p0 pool... com.mchange.v2.c3p0.ComboPooledDataSource [ acquireIncrement -> 2, acquireRetryAttempts -> 30, acquireRetryDelay -> 1000, autoCommitOnClose -> false, automaticTestTable -> null, breakAfterAcquireFailure -> false, checkoutTimeout -> 0, connectionCustomizerClassName -> null, connectionTesterClassName -> com.mchange.v2.c3p0.impl.DefaultConnectionTester, dataSourceName -> 1hge8sh9m16cfoqvcw0kug|1686ed85, debugUnreturnedConnectionStackTraces -> false, description -> null, driverClass -> com.mysql.jdbc.Driver, factoryClassLocation -> null, forceIgnoreUnresolvedTransactions -> false, identityToken -> 1hge8sh9m16cfoqvcw0kug|1686ed85, idleConnectionTestPeriod -> 0, initialPoolSize -> 3, jdbcUrl -> jdbc:mysql://localhost:3306/nextgen, maxAdministrativeTaskTime -> 0, maxConnectionAge -> 0, maxIdleTime -> 600, maxIdleTimeExcessConnections -> 0, maxPoolSize -> 15, maxStatements -> 0, maxStatementsPerConnection -> 0, minPoolSize -> 5, numHelperThreads -> 3, preferredTestQuery -> null, properties -> {user=******, password=******}, propertyCycle -> 0, statementCacheNumDeferredCloseThreads -> 0, testConnectionOnCheckin -> false, testConnectionOnCheckout -> false, unreturnedConnectionTimeout -> 0, userOverrides -> {}, usesTraditionalReflectiveProxies -> false ]
2017-03-04 14:50:21 | INFO  | AuthenticationTokenFilter:83 - AUTH TOKEN					: eyJhbGciOiJIUzUxMiJ9.eyJzdWIiOiJnYXVyYXYuNTQxMEBob3RtYWlsLmNvbSIsImF1ZGllbmNlIjoid2ViIiwiY3JlYXRlZCI6MTQ4ODYxMzQxNDc4NCwiZXhwIjoxNDg4NjMxNDE0fQ.fmCKWHmSXHVVibdYX3rwgMGWF7tXZz3jpGSbF9e5IbhvEkfEiUUo3LiJR5QMdAzOkr8AFpVwWdZ5U0qowRw-RA
2017-03-04 14:50:21 | INFO  | AuthenticationTokenFilter:84 - URL 					: http://localhost:8080/NextGenHCM/api/admin/change/contactdetails
2017-03-04 14:50:21 | INFO  | AuthenticationTokenFilter:85 - METHOD TYPE 				: POST
2017-03-04 14:50:21 | INFO  | AuthenticationTokenFilter:86 - AUTH TYPE 					: null
2017-03-04 14:50:21 | INFO  | AuthenticationTokenFilter:90 - Request Header  			: host
2017-03-04 14:50:21 | INFO  | AuthenticationTokenFilter:90 - Request Header  			: connection
2017-03-04 14:50:21 | INFO  | AuthenticationTokenFilter:90 - Request Header  			: content-length
2017-03-04 14:50:21 | INFO  | AuthenticationTokenFilter:90 - Request Header  			: origin
2017-03-04 14:50:21 | INFO  | AuthenticationTokenFilter:90 - Request Header  			: postman-token
2017-03-04 14:50:21 | INFO  | AuthenticationTokenFilter:90 - Request Header  			: cache-control
2017-03-04 14:50:21 | INFO  | AuthenticationTokenFilter:90 - Request Header  			: x-auth-token
2017-03-04 14:50:21 | INFO  | AuthenticationTokenFilter:90 - Request Header  			: user-agent
2017-03-04 14:50:21 | INFO  | AuthenticationTokenFilter:90 - Request Header  			: content-type
2017-03-04 14:50:21 | INFO  | AuthenticationTokenFilter:90 - Request Header  			: accept
2017-03-04 14:50:21 | INFO  | AuthenticationTokenFilter:90 - Request Header  			: dnt
2017-03-04 14:50:21 | INFO  | AuthenticationTokenFilter:90 - Request Header  			: accept-encoding
2017-03-04 14:50:21 | INFO  | AuthenticationTokenFilter:90 - Request Header  			: accept-language
2017-03-04 14:50:22 | INFO  | TokenGenrator:262 - TOKEN : eyJhbGciOiJIUzUxMiJ9.eyJzdWIiOiJnYXVyYXYuNTQxMEBob3RtYWlsLmNvbSIsImF1ZGllbmNlIjoid2ViIiwiY3JlYXRlZCI6MTQ4ODYxMzQxNDc4NCwiZXhwIjoxNDg4NjMxNDE0fQ.fmCKWHmSXHVVibdYX3rwgMGWF7tXZz3jpGSbF9e5IbhvEkfEiUUo3LiJR5QMdAzOkr8AFpVwWdZ5U0qowRw-RA
2017-03-04 14:50:22 | INFO  | AuthenticationTokenFilter:103 -  Null Check null
2017-03-04 14:50:22 | INFO  | AuthenticationTokenFilter:104 -  Request Method POST
2017-03-04 14:50:22 | INFO  | AuthenticationTokenFilter:118 - Inside filter chain . . 
2017-03-04 14:50:22 | INFO  | EmployeeController:215 - CONTROLLER : Inside the employee address change on controller...
2017-03-04 14:50:22 | INFO  | UserServiceImpl:551 - SERVICE : Inside the change contact details...
2017-03-04 14:50:22 | INFO  | UserServiceImpl:583 - SERVICE: Inside setting address details model object
2017-03-04 14:52:37 | INFO  | MLog:92 - MLog clients using log4j logging.
2017-03-04 14:52:37 | INFO  | C3P0Registry:216 - Initializing c3p0-0.9.2.1 [built 20-March-2013 10:47:27 +0000; debug? true; trace: 10]
2017-03-04 14:52:37 | INFO  | AbstractPoolBackedDataSource:522 - Initializing c3p0 pool... com.mchange.v2.c3p0.ComboPooledDataSource [ acquireIncrement -> 2, acquireRetryAttempts -> 30, acquireRetryDelay -> 1000, autoCommitOnClose -> false, automaticTestTable -> null, breakAfterAcquireFailure -> false, checkoutTimeout -> 0, connectionCustomizerClassName -> null, connectionTesterClassName -> com.mchange.v2.c3p0.impl.DefaultConnectionTester, dataSourceName -> 1hge8sh9m16ck3qy4qohjj|3c8a7e38, debugUnreturnedConnectionStackTraces -> false, description -> null, driverClass -> com.mysql.jdbc.Driver, factoryClassLocation -> null, forceIgnoreUnresolvedTransactions -> false, identityToken -> 1hge8sh9m16ck3qy4qohjj|3c8a7e38, idleConnectionTestPeriod -> 0, initialPoolSize -> 3, jdbcUrl -> jdbc:mysql://localhost:3306/nextgen, maxAdministrativeTaskTime -> 0, maxConnectionAge -> 0, maxIdleTime -> 600, maxIdleTimeExcessConnections -> 0, maxPoolSize -> 15, maxStatements -> 0, maxStatementsPerConnection -> 0, minPoolSize -> 5, numHelperThreads -> 3, preferredTestQuery -> null, properties -> {user=******, password=******}, propertyCycle -> 0, statementCacheNumDeferredCloseThreads -> 0, testConnectionOnCheckin -> false, testConnectionOnCheckout -> false, unreturnedConnectionTimeout -> 0, userOverrides -> {}, usesTraditionalReflectiveProxies -> false ]
2017-03-04 14:52:41 | INFO  | AbstractPoolBackedDataSource:522 - Initializing c3p0 pool... com.mchange.v2.c3p0.ComboPooledDataSource [ acquireIncrement -> 2, acquireRetryAttempts -> 30, acquireRetryDelay -> 1000, autoCommitOnClose -> false, automaticTestTable -> null, breakAfterAcquireFailure -> false, checkoutTimeout -> 0, connectionCustomizerClassName -> null, connectionTesterClassName -> com.mchange.v2.c3p0.impl.DefaultConnectionTester, dataSourceName -> 1hge8sh9m16ck3qy4qohjj|4cd5fc46, debugUnreturnedConnectionStackTraces -> false, description -> null, driverClass -> com.mysql.jdbc.Driver, factoryClassLocation -> null, forceIgnoreUnresolvedTransactions -> false, identityToken -> 1hge8sh9m16ck3qy4qohjj|4cd5fc46, idleConnectionTestPeriod -> 0, initialPoolSize -> 3, jdbcUrl -> jdbc:mysql://localhost:3306/nextgen, maxAdministrativeTaskTime -> 0, maxConnectionAge -> 0, maxIdleTime -> 600, maxIdleTimeExcessConnections -> 0, maxPoolSize -> 15, maxStatements -> 0, maxStatementsPerConnection -> 0, minPoolSize -> 5, numHelperThreads -> 3, preferredTestQuery -> null, properties -> {user=******, password=******}, propertyCycle -> 0, statementCacheNumDeferredCloseThreads -> 0, testConnectionOnCheckin -> false, testConnectionOnCheckout -> false, unreturnedConnectionTimeout -> 0, userOverrides -> {}, usesTraditionalReflectiveProxies -> false ]
2017-03-04 14:53:07 | INFO  | AuthenticationTokenFilter:83 - AUTH TOKEN					: eyJhbGciOiJIUzUxMiJ9.eyJzdWIiOiJnYXVyYXYuNTQxMEBob3RtYWlsLmNvbSIsImF1ZGllbmNlIjoid2ViIiwiY3JlYXRlZCI6MTQ4ODYxMzQxNDc4NCwiZXhwIjoxNDg4NjMxNDE0fQ.fmCKWHmSXHVVibdYX3rwgMGWF7tXZz3jpGSbF9e5IbhvEkfEiUUo3LiJR5QMdAzOkr8AFpVwWdZ5U0qowRw-RA
2017-03-04 14:53:07 | INFO  | AuthenticationTokenFilter:84 - URL 					: http://localhost:8080/NextGenHCM/api/admin/change/contactdetails
2017-03-04 14:53:07 | INFO  | AuthenticationTokenFilter:85 - METHOD TYPE 				: POST
2017-03-04 14:53:07 | INFO  | AuthenticationTokenFilter:86 - AUTH TYPE 					: null
2017-03-04 14:53:07 | INFO  | AuthenticationTokenFilter:90 - Request Header  			: host
2017-03-04 14:53:07 | INFO  | AuthenticationTokenFilter:90 - Request Header  			: connection
2017-03-04 14:53:07 | INFO  | AuthenticationTokenFilter:90 - Request Header  			: content-length
2017-03-04 14:53:07 | INFO  | AuthenticationTokenFilter:90 - Request Header  			: origin
2017-03-04 14:53:07 | INFO  | AuthenticationTokenFilter:90 - Request Header  			: postman-token
2017-03-04 14:53:07 | INFO  | AuthenticationTokenFilter:90 - Request Header  			: cache-control
2017-03-04 14:53:07 | INFO  | AuthenticationTokenFilter:90 - Request Header  			: x-auth-token
2017-03-04 14:53:07 | INFO  | AuthenticationTokenFilter:90 - Request Header  			: user-agent
2017-03-04 14:53:07 | INFO  | AuthenticationTokenFilter:90 - Request Header  			: content-type
2017-03-04 14:53:07 | INFO  | AuthenticationTokenFilter:90 - Request Header  			: accept
2017-03-04 14:53:07 | INFO  | AuthenticationTokenFilter:90 - Request Header  			: dnt
2017-03-04 14:53:07 | INFO  | AuthenticationTokenFilter:90 - Request Header  			: accept-encoding
2017-03-04 14:53:07 | INFO  | AuthenticationTokenFilter:90 - Request Header  			: accept-language
2017-03-04 14:53:07 | INFO  | TokenGenrator:262 - TOKEN : eyJhbGciOiJIUzUxMiJ9.eyJzdWIiOiJnYXVyYXYuNTQxMEBob3RtYWlsLmNvbSIsImF1ZGllbmNlIjoid2ViIiwiY3JlYXRlZCI6MTQ4ODYxMzQxNDc4NCwiZXhwIjoxNDg4NjMxNDE0fQ.fmCKWHmSXHVVibdYX3rwgMGWF7tXZz3jpGSbF9e5IbhvEkfEiUUo3LiJR5QMdAzOkr8AFpVwWdZ5U0qowRw-RA
2017-03-04 14:53:07 | INFO  | AuthenticationTokenFilter:103 -  Null Check null
2017-03-04 14:53:07 | INFO  | AuthenticationTokenFilter:104 -  Request Method POST
2017-03-04 14:53:07 | INFO  | AuthenticationTokenFilter:118 - Inside filter chain . . 
2017-03-04 14:53:07 | INFO  | EmployeeController:215 - CONTROLLER : Inside the employee address change on controller...
2017-03-04 14:53:07 | INFO  | UserServiceImpl:551 - SERVICE : Inside the change contact details...
2017-03-04 14:53:07 | INFO  | UserServiceImpl:583 - SERVICE: Inside setting address details model object
2017-03-04 16:29:50 | INFO  | MLog:92 - MLog clients using log4j logging.
2017-03-04 16:29:50 | INFO  | C3P0Registry:216 - Initializing c3p0-0.9.2.1 [built 20-March-2013 10:47:27 +0000; debug? true; trace: 10]
2017-03-04 16:29:51 | INFO  | AbstractPoolBackedDataSource:522 - Initializing c3p0 pool... com.mchange.v2.c3p0.ComboPooledDataSource [ acquireIncrement -> 2, acquireRetryAttempts -> 30, acquireRetryDelay -> 1000, autoCommitOnClose -> false, automaticTestTable -> null, breakAfterAcquireFailure -> false, checkoutTimeout -> 0, connectionCustomizerClassName -> null, connectionTesterClassName -> com.mchange.v2.c3p0.impl.DefaultConnectionTester, dataSourceName -> 1hge1399m16g14pt1v3cj3p|6848a051, debugUnreturnedConnectionStackTraces -> false, description -> null, driverClass -> com.mysql.jdbc.Driver, factoryClassLocation -> null, forceIgnoreUnresolvedTransactions -> false, identityToken -> 1hge1399m16g14pt1v3cj3p|6848a051, idleConnectionTestPeriod -> 0, initialPoolSize -> 3, jdbcUrl -> jdbc:mysql://localhost:3306/nextgen, maxAdministrativeTaskTime -> 0, maxConnectionAge -> 0, maxIdleTime -> 600, maxIdleTimeExcessConnections -> 0, maxPoolSize -> 15, maxStatements -> 0, maxStatementsPerConnection -> 0, minPoolSize -> 5, numHelperThreads -> 3, preferredTestQuery -> null, properties -> {user=******, password=******}, propertyCycle -> 0, statementCacheNumDeferredCloseThreads -> 0, testConnectionOnCheckin -> false, testConnectionOnCheckout -> false, unreturnedConnectionTimeout -> 0, userOverrides -> {}, usesTraditionalReflectiveProxies -> false ]
2017-03-04 16:29:53 | INFO  | DatabaseMetaData:147 - HHH000262: Table not found: address
2017-03-04 16:29:53 | INFO  | DatabaseMetaData:147 - HHH000262: Table not found: address_type
2017-03-04 16:29:53 | INFO  | DatabaseMetaData:147 - HHH000262: Table not found: address_usage
2017-03-04 16:29:53 | INFO  | DatabaseMetaData:147 - HHH000262: Table not found: address_visibility
2017-03-04 16:29:53 | INFO  | DatabaseMetaData:147 - HHH000262: Table not found: city
2017-03-04 16:29:53 | INFO  | DatabaseMetaData:147 - HHH000262: Table not found: country
2017-03-04 16:29:53 | INFO  | DatabaseMetaData:147 - HHH000262: Table not found: employee
2017-03-04 16:29:53 | INFO  | DatabaseMetaData:147 - HHH000262: Table not found: job_change_detail
2017-03-04 16:29:53 | INFO  | DatabaseMetaData:147 - HHH000262: Table not found: job_change_reason
2017-03-04 16:29:53 | INFO  | DatabaseMetaData:147 - HHH000262: Table not found: job_profile
2017-03-04 16:29:53 | INFO  | DatabaseMetaData:147 - HHH000262: Table not found: job_title
2017-03-04 16:29:53 | INFO  | DatabaseMetaData:147 - HHH000262: Table not found: location
2017-03-04 16:29:53 | INFO  | DatabaseMetaData:147 - HHH000262: Table not found: organization
2017-03-04 16:29:53 | INFO  | DatabaseMetaData:147 - HHH000262: Table not found: payroll
2017-03-04 16:29:53 | INFO  | DatabaseMetaData:147 - HHH000262: Table not found: payroll_input_type
2017-03-04 16:29:53 | INFO  | DatabaseMetaData:147 - HHH000262: Table not found: payroll_run_type
2017-03-04 16:29:53 | INFO  | DatabaseMetaData:147 - HHH000262: Table not found: position
2017-03-04 16:29:53 | INFO  | DatabaseMetaData:147 - HHH000262: Table not found: state
2017-03-04 16:29:53 | INFO  | DatabaseMetaData:147 - HHH000262: Table not found: time_off
2017-03-04 16:29:53 | INFO  | DatabaseMetaData:147 - HHH000262: Table not found: time_off_type
2017-03-04 16:29:53 | INFO  | DatabaseMetaData:147 - HHH000262: Table not found: time_type
2017-03-04 16:29:53 | INFO  | DatabaseMetaData:147 - HHH000262: Table not found: address
2017-03-04 16:29:53 | INFO  | DatabaseMetaData:147 - HHH000262: Table not found: address_type
2017-03-04 16:29:53 | INFO  | DatabaseMetaData:147 - HHH000262: Table not found: address_usage
2017-03-04 16:29:53 | INFO  | DatabaseMetaData:147 - HHH000262: Table not found: address_visibility
2017-03-04 16:29:53 | INFO  | DatabaseMetaData:147 - HHH000262: Table not found: city
2017-03-04 16:29:53 | INFO  | DatabaseMetaData:147 - HHH000262: Table not found: country
2017-03-04 16:29:53 | INFO  | DatabaseMetaData:147 - HHH000262: Table not found: employee
2017-03-04 16:29:53 | INFO  | DatabaseMetaData:147 - HHH000262: Table not found: job_change_detail
2017-03-04 16:29:53 | INFO  | DatabaseMetaData:147 - HHH000262: Table not found: job_change_reason
2017-03-04 16:29:53 | INFO  | DatabaseMetaData:147 - HHH000262: Table not found: job_profile
2017-03-04 16:29:53 | INFO  | DatabaseMetaData:147 - HHH000262: Table not found: job_title
2017-03-04 16:29:53 | INFO  | DatabaseMetaData:147 - HHH000262: Table not found: location
2017-03-04 16:29:53 | INFO  | DatabaseMetaData:147 - HHH000262: Table not found: organization
2017-03-04 16:29:53 | INFO  | DatabaseMetaData:147 - HHH000262: Table not found: payroll
2017-03-04 16:29:53 | INFO  | DatabaseMetaData:147 - HHH000262: Table not found: payroll_input_type
2017-03-04 16:29:53 | INFO  | DatabaseMetaData:147 - HHH000262: Table not found: payroll_run_type
2017-03-04 16:29:53 | INFO  | DatabaseMetaData:147 - HHH000262: Table not found: position
2017-03-04 16:29:53 | INFO  | DatabaseMetaData:147 - HHH000262: Table not found: state
2017-03-04 16:29:53 | INFO  | DatabaseMetaData:147 - HHH000262: Table not found: time_off
2017-03-04 16:29:53 | INFO  | DatabaseMetaData:147 - HHH000262: Table not found: time_off_type
2017-03-04 16:29:53 | INFO  | DatabaseMetaData:147 - HHH000262: Table not found: time_type
2017-03-04 16:29:53 | INFO  | DatabaseMetaData:147 - HHH000262: Table not found: address
2017-03-04 16:29:53 | INFO  | DatabaseMetaData:147 - HHH000262: Table not found: address_type
2017-03-04 16:29:53 | INFO  | DatabaseMetaData:147 - HHH000262: Table not found: address_usage
2017-03-04 16:29:53 | INFO  | DatabaseMetaData:147 - HHH000262: Table not found: address_visibility
2017-03-04 16:29:53 | INFO  | DatabaseMetaData:147 - HHH000262: Table not found: city
2017-03-04 16:29:53 | INFO  | DatabaseMetaData:147 - HHH000262: Table not found: country
2017-03-04 16:29:53 | INFO  | DatabaseMetaData:147 - HHH000262: Table not found: employee
2017-03-04 16:29:53 | INFO  | DatabaseMetaData:147 - HHH000262: Table not found: job_change_detail
2017-03-04 16:29:53 | INFO  | DatabaseMetaData:147 - HHH000262: Table not found: job_change_reason
2017-03-04 16:29:53 | INFO  | DatabaseMetaData:147 - HHH000262: Table not found: job_profile
2017-03-04 16:29:53 | INFO  | DatabaseMetaData:147 - HHH000262: Table not found: job_title
2017-03-04 16:29:53 | INFO  | DatabaseMetaData:147 - HHH000262: Table not found: location
2017-03-04 16:29:53 | INFO  | DatabaseMetaData:147 - HHH000262: Table not found: organization
2017-03-04 16:29:53 | INFO  | DatabaseMetaData:147 - HHH000262: Table not found: payroll
2017-03-04 16:29:53 | INFO  | DatabaseMetaData:147 - HHH000262: Table not found: payroll_input_type
2017-03-04 16:29:53 | INFO  | DatabaseMetaData:147 - HHH000262: Table not found: payroll_run_type
2017-03-04 16:29:53 | INFO  | DatabaseMetaData:147 - HHH000262: Table not found: position
2017-03-04 16:29:53 | INFO  | DatabaseMetaData:147 - HHH000262: Table not found: state
2017-03-04 16:29:53 | INFO  | DatabaseMetaData:147 - HHH000262: Table not found: time_off
2017-03-04 16:29:53 | INFO  | DatabaseMetaData:147 - HHH000262: Table not found: time_off_type
2017-03-04 16:29:53 | INFO  | DatabaseMetaData:147 - HHH000262: Table not found: time_type
2017-03-04 16:30:03 | INFO  | AbstractPoolBackedDataSource:522 - Initializing c3p0 pool... com.mchange.v2.c3p0.ComboPooledDataSource [ acquireIncrement -> 2, acquireRetryAttempts -> 30, acquireRetryDelay -> 1000, autoCommitOnClose -> false, automaticTestTable -> null, breakAfterAcquireFailure -> false, checkoutTimeout -> 0, connectionCustomizerClassName -> null, connectionTesterClassName -> com.mchange.v2.c3p0.impl.DefaultConnectionTester, dataSourceName -> 1hge1399m16g14pt1v3cj3p|70f98f7a, debugUnreturnedConnectionStackTraces -> false, description -> null, driverClass -> com.mysql.jdbc.Driver, factoryClassLocation -> null, forceIgnoreUnresolvedTransactions -> false, identityToken -> 1hge1399m16g14pt1v3cj3p|70f98f7a, idleConnectionTestPeriod -> 0, initialPoolSize -> 3, jdbcUrl -> jdbc:mysql://localhost:3306/nextgen, maxAdministrativeTaskTime -> 0, maxConnectionAge -> 0, maxIdleTime -> 600, maxIdleTimeExcessConnections -> 0, maxPoolSize -> 15, maxStatements -> 0, maxStatementsPerConnection -> 0, minPoolSize -> 5, numHelperThreads -> 3, preferredTestQuery -> null, properties -> {user=******, password=******}, propertyCycle -> 0, statementCacheNumDeferredCloseThreads -> 0, testConnectionOnCheckin -> false, testConnectionOnCheckout -> false, unreturnedConnectionTimeout -> 0, userOverrides -> {}, usesTraditionalReflectiveProxies -> false ]
2017-03-04 16:30:03 | INFO  | DatabaseMetaData:147 - HHH000262: Table not found: address
2017-03-04 16:30:03 | INFO  | DatabaseMetaData:147 - HHH000262: Table not found: address_usage
2017-03-04 16:30:04 | INFO  | DatabaseMetaData:147 - HHH000262: Table not found: address
2017-03-04 16:30:04 | INFO  | DatabaseMetaData:147 - HHH000262: Table not found: address_usage
2017-03-04 16:30:04 | INFO  | DatabaseMetaData:147 - HHH000262: Table not found: address
2017-03-04 16:30:04 | INFO  | DatabaseMetaData:147 - HHH000262: Table not found: address_usage
2017-03-04 16:37:55 | INFO  | MLog:92 - MLog clients using log4j logging.
2017-03-04 16:37:55 | INFO  | C3P0Registry:216 - Initializing c3p0-0.9.2.1 [built 20-March-2013 10:47:27 +0000; debug? true; trace: 10]
2017-03-04 16:37:55 | INFO  | AbstractPoolBackedDataSource:522 - Initializing c3p0 pool... com.mchange.v2.c3p0.ComboPooledDataSource [ acquireIncrement -> 2, acquireRetryAttempts -> 30, acquireRetryDelay -> 1000, autoCommitOnClose -> false, automaticTestTable -> null, breakAfterAcquireFailure -> false, checkoutTimeout -> 0, connectionCustomizerClassName -> null, connectionTesterClassName -> com.mchange.v2.c3p0.impl.DefaultConnectionTester, dataSourceName -> 1hge1399m16gbipunu9fr5|1d61a348, debugUnreturnedConnectionStackTraces -> false, description -> null, driverClass -> com.mysql.jdbc.Driver, factoryClassLocation -> null, forceIgnoreUnresolvedTransactions -> false, identityToken -> 1hge1399m16gbipunu9fr5|1d61a348, idleConnectionTestPeriod -> 0, initialPoolSize -> 3, jdbcUrl -> jdbc:mysql://localhost:3306/nextgen, maxAdministrativeTaskTime -> 0, maxConnectionAge -> 0, maxIdleTime -> 600, maxIdleTimeExcessConnections -> 0, maxPoolSize -> 15, maxStatements -> 0, maxStatementsPerConnection -> 0, minPoolSize -> 5, numHelperThreads -> 3, preferredTestQuery -> null, properties -> {user=******, password=******}, propertyCycle -> 0, statementCacheNumDeferredCloseThreads -> 0, testConnectionOnCheckin -> false, testConnectionOnCheckout -> false, unreturnedConnectionTimeout -> 0, userOverrides -> {}, usesTraditionalReflectiveProxies -> false ]
2017-03-04 16:39:02 | INFO  | MLog:92 - MLog clients using log4j logging.
2017-03-04 16:39:02 | INFO  | C3P0Registry:216 - Initializing c3p0-0.9.2.1 [built 20-March-2013 10:47:27 +0000; debug? true; trace: 10]
2017-03-04 16:39:02 | INFO  | AbstractPoolBackedDataSource:522 - Initializing c3p0 pool... com.mchange.v2.c3p0.ComboPooledDataSource [ acquireIncrement -> 2, acquireRetryAttempts -> 30, acquireRetryDelay -> 1000, autoCommitOnClose -> false, automaticTestTable -> null, breakAfterAcquireFailure -> false, checkoutTimeout -> 0, connectionCustomizerClassName -> null, connectionTesterClassName -> com.mchange.v2.c3p0.impl.DefaultConnectionTester, dataSourceName -> 1hge1399m16gcygym8svjr|d2291de, debugUnreturnedConnectionStackTraces -> false, description -> null, driverClass -> com.mysql.jdbc.Driver, factoryClassLocation -> null, forceIgnoreUnresolvedTransactions -> false, identityToken -> 1hge1399m16gcygym8svjr|d2291de, idleConnectionTestPeriod -> 0, initialPoolSize -> 3, jdbcUrl -> jdbc:mysql://localhost:3306/nextgen, maxAdministrativeTaskTime -> 0, maxConnectionAge -> 0, maxIdleTime -> 600, maxIdleTimeExcessConnections -> 0, maxPoolSize -> 15, maxStatements -> 0, maxStatementsPerConnection -> 0, minPoolSize -> 5, numHelperThreads -> 3, preferredTestQuery -> null, properties -> {user=******, password=******}, propertyCycle -> 0, statementCacheNumDeferredCloseThreads -> 0, testConnectionOnCheckin -> false, testConnectionOnCheckout -> false, unreturnedConnectionTimeout -> 0, userOverrides -> {}, usesTraditionalReflectiveProxies -> false ]
2017-03-04 16:40:29 | INFO  | MLog:92 - MLog clients using log4j logging.
2017-03-04 16:40:30 | INFO  | C3P0Registry:216 - Initializing c3p0-0.9.2.1 [built 20-March-2013 10:47:27 +0000; debug? true; trace: 10]
2017-03-04 16:40:30 | INFO  | AbstractPoolBackedDataSource:522 - Initializing c3p0 pool... com.mchange.v2.c3p0.ComboPooledDataSource [ acquireIncrement -> 2, acquireRetryAttempts -> 30, acquireRetryDelay -> 1000, autoCommitOnClose -> false, automaticTestTable -> null, breakAfterAcquireFailure -> false, checkoutTimeout -> 0, connectionCustomizerClassName -> null, connectionTesterClassName -> com.mchange.v2.c3p0.impl.DefaultConnectionTester, dataSourceName -> 1hge1399m16geu7fcvkus|5740ff5e, debugUnreturnedConnectionStackTraces -> false, description -> null, driverClass -> com.mysql.jdbc.Driver, factoryClassLocation -> null, forceIgnoreUnresolvedTransactions -> false, identityToken -> 1hge1399m16geu7fcvkus|5740ff5e, idleConnectionTestPeriod -> 0, initialPoolSize -> 3, jdbcUrl -> jdbc:mysql://localhost:3306/nextgen, maxAdministrativeTaskTime -> 0, maxConnectionAge -> 0, maxIdleTime -> 600, maxIdleTimeExcessConnections -> 0, maxPoolSize -> 15, maxStatements -> 0, maxStatementsPerConnection -> 0, minPoolSize -> 5, numHelperThreads -> 3, preferredTestQuery -> null, properties -> {user=******, password=******}, propertyCycle -> 0, statementCacheNumDeferredCloseThreads -> 0, testConnectionOnCheckin -> false, testConnectionOnCheckout -> false, unreturnedConnectionTimeout -> 0, userOverrides -> {}, usesTraditionalReflectiveProxies -> false ]
2017-03-04 16:40:32 | INFO  | DatabaseMetaData:147 - HHH000262: Table not found: address
2017-03-04 16:40:32 | INFO  | DatabaseMetaData:147 - HHH000262: Table not found: address_pattern
2017-03-04 16:40:32 | INFO  | DatabaseMetaData:147 - HHH000262: Table not found: address
2017-03-04 16:40:32 | INFO  | DatabaseMetaData:147 - HHH000262: Table not found: address_pattern
2017-03-04 16:40:32 | INFO  | DatabaseMetaData:147 - HHH000262: Table not found: address
2017-03-04 16:40:32 | INFO  | DatabaseMetaData:147 - HHH000262: Table not found: address_pattern
2017-03-04 16:40:37 | INFO  | AbstractPoolBackedDataSource:522 - Initializing c3p0 pool... com.mchange.v2.c3p0.ComboPooledDataSource [ acquireIncrement -> 2, acquireRetryAttempts -> 30, acquireRetryDelay -> 1000, autoCommitOnClose -> false, automaticTestTable -> null, breakAfterAcquireFailure -> false, checkoutTimeout -> 0, connectionCustomizerClassName -> null, connectionTesterClassName -> com.mchange.v2.c3p0.impl.DefaultConnectionTester, dataSourceName -> 1hge1399m16geu7fcvkus|4e85dcb2, debugUnreturnedConnectionStackTraces -> false, description -> null, driverClass -> com.mysql.jdbc.Driver, factoryClassLocation -> null, forceIgnoreUnresolvedTransactions -> false, identityToken -> 1hge1399m16geu7fcvkus|4e85dcb2, idleConnectionTestPeriod -> 0, initialPoolSize -> 3, jdbcUrl -> jdbc:mysql://localhost:3306/nextgen, maxAdministrativeTaskTime -> 0, maxConnectionAge -> 0, maxIdleTime -> 600, maxIdleTimeExcessConnections -> 0, maxPoolSize -> 15, maxStatements -> 0, maxStatementsPerConnection -> 0, minPoolSize -> 5, numHelperThreads -> 3, preferredTestQuery -> null, properties -> {user=******, password=******}, propertyCycle -> 0, statementCacheNumDeferredCloseThreads -> 0, testConnectionOnCheckin -> false, testConnectionOnCheckout -> false, unreturnedConnectionTimeout -> 0, userOverrides -> {}, usesTraditionalReflectiveProxies -> false ]
2017-03-04 16:40:37 | INFO  | DatabaseMetaData:147 - HHH000262: Table not found: address_pattern
2017-03-04 16:40:37 | INFO  | DatabaseMetaData:147 - HHH000262: Table not found: address_pattern
2017-03-04 16:40:37 | INFO  | DatabaseMetaData:147 - HHH000262: Table not found: address_pattern
2017-03-04 16:48:41 | INFO  | MLog:92 - MLog clients using log4j logging.
2017-03-04 16:48:41 | INFO  | C3P0Registry:216 - Initializing c3p0-0.9.2.1 [built 20-March-2013 10:47:27 +0000; debug? true; trace: 10]
2017-03-04 16:48:41 | INFO  | AbstractPoolBackedDataSource:522 - Initializing c3p0 pool... com.mchange.v2.c3p0.ComboPooledDataSource [ acquireIncrement -> 2, acquireRetryAttempts -> 30, acquireRetryDelay -> 1000, autoCommitOnClose -> false, automaticTestTable -> null, breakAfterAcquireFailure -> false, checkoutTimeout -> 0, connectionCustomizerClassName -> null, connectionTesterClassName -> com.mchange.v2.c3p0.impl.DefaultConnectionTester, dataSourceName -> 1hge1399m16gpd591y08js4|6848a051, debugUnreturnedConnectionStackTraces -> false, description -> null, driverClass -> com.mysql.jdbc.Driver, factoryClassLocation -> null, forceIgnoreUnresolvedTransactions -> false, identityToken -> 1hge1399m16gpd591y08js4|6848a051, idleConnectionTestPeriod -> 0, initialPoolSize -> 3, jdbcUrl -> jdbc:mysql://localhost:3306/nextgen, maxAdministrativeTaskTime -> 0, maxConnectionAge -> 0, maxIdleTime -> 600, maxIdleTimeExcessConnections -> 0, maxPoolSize -> 15, maxStatements -> 0, maxStatementsPerConnection -> 0, minPoolSize -> 5, numHelperThreads -> 3, preferredTestQuery -> null, properties -> {user=******, password=******}, propertyCycle -> 0, statementCacheNumDeferredCloseThreads -> 0, testConnectionOnCheckin -> false, testConnectionOnCheckout -> false, unreturnedConnectionTimeout -> 0, userOverrides -> {}, usesTraditionalReflectiveProxies -> false ]
2017-03-04 16:49:44 | INFO  | MLog:92 - MLog clients using log4j logging.
2017-03-04 16:49:44 | INFO  | C3P0Registry:216 - Initializing c3p0-0.9.2.1 [built 20-March-2013 10:47:27 +0000; debug? true; trace: 10]
2017-03-04 16:49:45 | INFO  | AbstractPoolBackedDataSource:522 - Initializing c3p0 pool... com.mchange.v2.c3p0.ComboPooledDataSource [ acquireIncrement -> 2, acquireRetryAttempts -> 30, acquireRetryDelay -> 1000, autoCommitOnClose -> false, automaticTestTable -> null, breakAfterAcquireFailure -> false, checkoutTimeout -> 0, connectionCustomizerClassName -> null, connectionTesterClassName -> com.mchange.v2.c3p0.impl.DefaultConnectionTester, dataSourceName -> 1hge1399m16gqq2v14kkx0y|d2291de, debugUnreturnedConnectionStackTraces -> false, description -> null, driverClass -> com.mysql.jdbc.Driver, factoryClassLocation -> null, forceIgnoreUnresolvedTransactions -> false, identityToken -> 1hge1399m16gqq2v14kkx0y|d2291de, idleConnectionTestPeriod -> 0, initialPoolSize -> 3, jdbcUrl -> jdbc:mysql://localhost:3306/nextgen, maxAdministrativeTaskTime -> 0, maxConnectionAge -> 0, maxIdleTime -> 600, maxIdleTimeExcessConnections -> 0, maxPoolSize -> 15, maxStatements -> 0, maxStatementsPerConnection -> 0, minPoolSize -> 5, numHelperThreads -> 3, preferredTestQuery -> null, properties -> {user=******, password=******}, propertyCycle -> 0, statementCacheNumDeferredCloseThreads -> 0, testConnectionOnCheckin -> false, testConnectionOnCheckout -> false, unreturnedConnectionTimeout -> 0, userOverrides -> {}, usesTraditionalReflectiveProxies -> false ]
2017-03-04 16:49:47 | INFO  | DatabaseMetaData:147 - HHH000262: Table not found: address
2017-03-04 16:49:47 | INFO  | DatabaseMetaData:147 - HHH000262: Table not found: address_type
2017-03-04 16:49:47 | INFO  | DatabaseMetaData:147 - HHH000262: Table not found: address_types
2017-03-04 16:49:47 | INFO  | DatabaseMetaData:147 - HHH000262: Table not found: address_visibility
2017-03-04 16:49:47 | INFO  | DatabaseMetaData:147 - HHH000262: Table not found: city
2017-03-04 16:49:47 | INFO  | DatabaseMetaData:147 - HHH000262: Table not found: country
2017-03-04 16:49:47 | INFO  | DatabaseMetaData:147 - HHH000262: Table not found: employee
2017-03-04 16:49:47 | INFO  | DatabaseMetaData:147 - HHH000262: Table not found: job_change_detail
2017-03-04 16:49:47 | INFO  | DatabaseMetaData:147 - HHH000262: Table not found: job_change_reason
2017-03-04 16:49:47 | INFO  | DatabaseMetaData:147 - HHH000262: Table not found: job_profile
2017-03-04 16:49:47 | INFO  | DatabaseMetaData:147 - HHH000262: Table not found: job_title
2017-03-04 16:49:47 | INFO  | DatabaseMetaData:147 - HHH000262: Table not found: location
2017-03-04 16:49:47 | INFO  | DatabaseMetaData:147 - HHH000262: Table not found: organization
2017-03-04 16:49:47 | INFO  | DatabaseMetaData:147 - HHH000262: Table not found: payroll
2017-03-04 16:49:47 | INFO  | DatabaseMetaData:147 - HHH000262: Table not found: payroll_input_type
2017-03-04 16:49:47 | INFO  | DatabaseMetaData:147 - HHH000262: Table not found: payroll_run_type
2017-03-04 16:49:47 | INFO  | DatabaseMetaData:147 - HHH000262: Table not found: position
2017-03-04 16:49:47 | INFO  | DatabaseMetaData:147 - HHH000262: Table not found: state
2017-03-04 16:49:47 | INFO  | DatabaseMetaData:147 - HHH000262: Table not found: time_off
2017-03-04 16:49:47 | INFO  | DatabaseMetaData:147 - HHH000262: Table not found: time_off_type
2017-03-04 16:49:47 | INFO  | DatabaseMetaData:147 - HHH000262: Table not found: time_type
2017-03-04 16:49:47 | INFO  | DatabaseMetaData:147 - HHH000262: Table not found: address
2017-03-04 16:49:47 | INFO  | DatabaseMetaData:147 - HHH000262: Table not found: address_type
2017-03-04 16:49:47 | INFO  | DatabaseMetaData:147 - HHH000262: Table not found: address_types
2017-03-04 16:49:47 | INFO  | DatabaseMetaData:147 - HHH000262: Table not found: address_visibility
2017-03-04 16:49:47 | INFO  | DatabaseMetaData:147 - HHH000262: Table not found: city
2017-03-04 16:49:47 | INFO  | DatabaseMetaData:147 - HHH000262: Table not found: country
2017-03-04 16:49:47 | INFO  | DatabaseMetaData:147 - HHH000262: Table not found: employee
2017-03-04 16:49:47 | INFO  | DatabaseMetaData:147 - HHH000262: Table not found: job_change_detail
2017-03-04 16:49:47 | INFO  | DatabaseMetaData:147 - HHH000262: Table not found: job_change_reason
2017-03-04 16:49:47 | INFO  | DatabaseMetaData:147 - HHH000262: Table not found: job_profile
2017-03-04 16:49:47 | INFO  | DatabaseMetaData:147 - HHH000262: Table not found: job_title
2017-03-04 16:49:47 | INFO  | DatabaseMetaData:147 - HHH000262: Table not found: location
2017-03-04 16:49:47 | INFO  | DatabaseMetaData:147 - HHH000262: Table not found: organization
2017-03-04 16:49:47 | INFO  | DatabaseMetaData:147 - HHH000262: Table not found: payroll
2017-03-04 16:49:47 | INFO  | DatabaseMetaData:147 - HHH000262: Table not found: payroll_input_type
2017-03-04 16:49:47 | INFO  | DatabaseMetaData:147 - HHH000262: Table not found: payroll_run_type
2017-03-04 16:49:47 | INFO  | DatabaseMetaData:147 - HHH000262: Table not found: position
2017-03-04 16:49:47 | INFO  | DatabaseMetaData:147 - HHH000262: Table not found: state
2017-03-04 16:49:47 | INFO  | DatabaseMetaData:147 - HHH000262: Table not found: time_off
2017-03-04 16:49:47 | INFO  | DatabaseMetaData:147 - HHH000262: Table not found: time_off_type
2017-03-04 16:49:47 | INFO  | DatabaseMetaData:147 - HHH000262: Table not found: time_type
2017-03-04 16:49:47 | INFO  | DatabaseMetaData:147 - HHH000262: Table not found: address
2017-03-04 16:49:47 | INFO  | DatabaseMetaData:147 - HHH000262: Table not found: address_type
2017-03-04 16:49:47 | INFO  | DatabaseMetaData:147 - HHH000262: Table not found: address_types
2017-03-04 16:49:47 | INFO  | DatabaseMetaData:147 - HHH000262: Table not found: address_visibility
2017-03-04 16:49:47 | INFO  | DatabaseMetaData:147 - HHH000262: Table not found: city
2017-03-04 16:49:47 | INFO  | DatabaseMetaData:147 - HHH000262: Table not found: country
2017-03-04 16:49:47 | INFO  | DatabaseMetaData:147 - HHH000262: Table not found: employee
2017-03-04 16:49:47 | INFO  | DatabaseMetaData:147 - HHH000262: Table not found: job_change_detail
2017-03-04 16:49:47 | INFO  | DatabaseMetaData:147 - HHH000262: Table not found: job_change_reason
2017-03-04 16:49:47 | INFO  | DatabaseMetaData:147 - HHH000262: Table not found: job_profile
2017-03-04 16:49:47 | INFO  | DatabaseMetaData:147 - HHH000262: Table not found: job_title
2017-03-04 16:49:47 | INFO  | DatabaseMetaData:147 - HHH000262: Table not found: location
2017-03-04 16:49:47 | INFO  | DatabaseMetaData:147 - HHH000262: Table not found: organization
2017-03-04 16:49:47 | INFO  | DatabaseMetaData:147 - HHH000262: Table not found: payroll
2017-03-04 16:49:47 | INFO  | DatabaseMetaData:147 - HHH000262: Table not found: payroll_input_type
2017-03-04 16:49:47 | INFO  | DatabaseMetaData:147 - HHH000262: Table not found: payroll_run_type
2017-03-04 16:49:47 | INFO  | DatabaseMetaData:147 - HHH000262: Table not found: position
2017-03-04 16:49:47 | INFO  | DatabaseMetaData:147 - HHH000262: Table not found: state
2017-03-04 16:49:47 | INFO  | DatabaseMetaData:147 - HHH000262: Table not found: time_off
2017-03-04 16:49:47 | INFO  | DatabaseMetaData:147 - HHH000262: Table not found: time_off_type
2017-03-04 16:49:47 | INFO  | DatabaseMetaData:147 - HHH000262: Table not found: time_type
2017-03-04 16:49:57 | INFO  | AbstractPoolBackedDataSource:522 - Initializing c3p0 pool... com.mchange.v2.c3p0.ComboPooledDataSource [ acquireIncrement -> 2, acquireRetryAttempts -> 30, acquireRetryDelay -> 1000, autoCommitOnClose -> false, automaticTestTable -> null, breakAfterAcquireFailure -> false, checkoutTimeout -> 0, connectionCustomizerClassName -> null, connectionTesterClassName -> com.mchange.v2.c3p0.impl.DefaultConnectionTester, dataSourceName -> 1hge1399m16gqq2v14kkx0y|be616f0, debugUnreturnedConnectionStackTraces -> false, description -> null, driverClass -> com.mysql.jdbc.Driver, factoryClassLocation -> null, forceIgnoreUnresolvedTransactions -> false, identityToken -> 1hge1399m16gqq2v14kkx0y|be616f0, idleConnectionTestPeriod -> 0, initialPoolSize -> 3, jdbcUrl -> jdbc:mysql://localhost:3306/nextgen, maxAdministrativeTaskTime -> 0, maxConnectionAge -> 0, maxIdleTime -> 600, maxIdleTimeExcessConnections -> 0, maxPoolSize -> 15, maxStatements -> 0, maxStatementsPerConnection -> 0, minPoolSize -> 5, numHelperThreads -> 3, preferredTestQuery -> null, properties -> {user=******, password=******}, propertyCycle -> 0, statementCacheNumDeferredCloseThreads -> 0, testConnectionOnCheckin -> false, testConnectionOnCheckout -> false, unreturnedConnectionTimeout -> 0, userOverrides -> {}, usesTraditionalReflectiveProxies -> false ]
2017-03-04 16:49:58 | INFO  | DatabaseMetaData:147 - HHH000262: Table not found: address_types
2017-03-04 16:49:58 | INFO  | DatabaseMetaData:147 - HHH000262: Table not found: address_types
2017-03-04 16:49:58 | INFO  | DatabaseMetaData:147 - HHH000262: Table not found: address_types
2017-03-04 17:00:28 | INFO  | MLog:92 - MLog clients using log4j logging.
2017-03-04 17:00:28 | INFO  | C3P0Registry:216 - Initializing c3p0-0.9.2.1 [built 20-March-2013 10:47:27 +0000; debug? true; trace: 10]
2017-03-04 17:00:29 | INFO  | AbstractPoolBackedDataSource:522 - Initializing c3p0 pool... com.mchange.v2.c3p0.ComboPooledDataSource [ acquireIncrement -> 2, acquireRetryAttempts -> 30, acquireRetryDelay -> 1000, autoCommitOnClose -> false, automaticTestTable -> null, breakAfterAcquireFailure -> false, checkoutTimeout -> 0, connectionCustomizerClassName -> null, connectionTesterClassName -> com.mchange.v2.c3p0.impl.DefaultConnectionTester, dataSourceName -> 1hge1399m16h4ipx541dwp|1d61a348, debugUnreturnedConnectionStackTraces -> false, description -> null, driverClass -> com.mysql.jdbc.Driver, factoryClassLocation -> null, forceIgnoreUnresolvedTransactions -> false, identityToken -> 1hge1399m16h4ipx541dwp|1d61a348, idleConnectionTestPeriod -> 0, initialPoolSize -> 3, jdbcUrl -> jdbc:mysql://localhost:3306/nextgen, maxAdministrativeTaskTime -> 0, maxConnectionAge -> 0, maxIdleTime -> 600, maxIdleTimeExcessConnections -> 0, maxPoolSize -> 15, maxStatements -> 0, maxStatementsPerConnection -> 0, minPoolSize -> 5, numHelperThreads -> 3, preferredTestQuery -> null, properties -> {user=******, password=******}, propertyCycle -> 0, statementCacheNumDeferredCloseThreads -> 0, testConnectionOnCheckin -> false, testConnectionOnCheckout -> false, unreturnedConnectionTimeout -> 0, userOverrides -> {}, usesTraditionalReflectiveProxies -> false ]
2017-03-04 17:00:31 | INFO  | DatabaseMetaData:147 - HHH000262: Table not found: address_types
2017-03-04 17:00:31 | INFO  | DatabaseMetaData:147 - HHH000262: Table not found: address_types
2017-03-04 17:00:31 | INFO  | DatabaseMetaData:147 - HHH000262: Table not found: address_types
2017-03-04 17:00:34 | INFO  | AbstractPoolBackedDataSource:522 - Initializing c3p0 pool... com.mchange.v2.c3p0.ComboPooledDataSource [ acquireIncrement -> 2, acquireRetryAttempts -> 30, acquireRetryDelay -> 1000, autoCommitOnClose -> false, automaticTestTable -> null, breakAfterAcquireFailure -> false, checkoutTimeout -> 0, connectionCustomizerClassName -> null, connectionTesterClassName -> com.mchange.v2.c3p0.impl.DefaultConnectionTester, dataSourceName -> 1hge1399m16h4ipx541dwp|47b4ac83, debugUnreturnedConnectionStackTraces -> false, description -> null, driverClass -> com.mysql.jdbc.Driver, factoryClassLocation -> null, forceIgnoreUnresolvedTransactions -> false, identityToken -> 1hge1399m16h4ipx541dwp|47b4ac83, idleConnectionTestPeriod -> 0, initialPoolSize -> 3, jdbcUrl -> jdbc:mysql://localhost:3306/nextgen, maxAdministrativeTaskTime -> 0, maxConnectionAge -> 0, maxIdleTime -> 600, maxIdleTimeExcessConnections -> 0, maxPoolSize -> 15, maxStatements -> 0, maxStatementsPerConnection -> 0, minPoolSize -> 5, numHelperThreads -> 3, preferredTestQuery -> null, properties -> {user=******, password=******}, propertyCycle -> 0, statementCacheNumDeferredCloseThreads -> 0, testConnectionOnCheckin -> false, testConnectionOnCheckout -> false, unreturnedConnectionTimeout -> 0, userOverrides -> {}, usesTraditionalReflectiveProxies -> false ]
2017-03-04 17:19:47 | INFO  | AuthenticationController:89 - On Authentication controller...
2017-03-04 17:19:47 | INFO  | EncryptionUtility:107 - Start generateKey method
2017-03-04 17:19:47 | INFO  | EncryptionUtility:109 - End generateKey method
2017-03-04 17:19:48 | INFO  | UserServiceImpl:271 - SERVICE : Inside getting user details.
2017-03-04 17:23:57 | INFO  | AuthenticationTokenFilter:83 - AUTH TOKEN					: eyJhbGciOiJIUzUxMiJ9.eyJzdWIiOiJzdW1hbkBnbWFpbC5jb20iLCJhdWRpZW5jZSI6IndlYiIsImNyZWF0ZWQiOjE0ODg2MjgxODg4MzQsImV4cCI6MTQ4ODY0NjE4OH0.fXVvZpgf7Cvc2Ex7wx2lpNkldg9gmCyG81k7bjWVKBiF8ZruGtj5b5GZ47QyMMmrNl_4TEl4ljzjIynLrbbBkg
2017-03-04 17:23:57 | INFO  | AuthenticationTokenFilter:84 - URL 					: http://localhost:8080/NextGenHCM/api/admin/change/contactdetails
2017-03-04 17:23:57 | INFO  | AuthenticationTokenFilter:85 - METHOD TYPE 				: POST
2017-03-04 17:23:57 | INFO  | AuthenticationTokenFilter:86 - AUTH TYPE 					: null
2017-03-04 17:23:57 | INFO  | AuthenticationTokenFilter:90 - Request Header  			: host
2017-03-04 17:23:57 | INFO  | AuthenticationTokenFilter:90 - Request Header  			: connection
2017-03-04 17:23:57 | INFO  | AuthenticationTokenFilter:90 - Request Header  			: content-length
2017-03-04 17:23:57 | INFO  | AuthenticationTokenFilter:90 - Request Header  			: origin
2017-03-04 17:23:57 | INFO  | AuthenticationTokenFilter:90 - Request Header  			: postman-token
2017-03-04 17:23:57 | INFO  | AuthenticationTokenFilter:90 - Request Header  			: cache-control
2017-03-04 17:23:57 | INFO  | AuthenticationTokenFilter:90 - Request Header  			: x-auth-token
2017-03-04 17:23:57 | INFO  | AuthenticationTokenFilter:90 - Request Header  			: user-agent
2017-03-04 17:23:57 | INFO  | AuthenticationTokenFilter:90 - Request Header  			: content-type
2017-03-04 17:23:57 | INFO  | AuthenticationTokenFilter:90 - Request Header  			: accept
2017-03-04 17:23:57 | INFO  | AuthenticationTokenFilter:90 - Request Header  			: accept-encoding
2017-03-04 17:23:57 | INFO  | AuthenticationTokenFilter:90 - Request Header  			: accept-language
2017-03-04 17:23:57 | INFO  | TokenGenrator:262 - TOKEN : eyJhbGciOiJIUzUxMiJ9.eyJzdWIiOiJzdW1hbkBnbWFpbC5jb20iLCJhdWRpZW5jZSI6IndlYiIsImNyZWF0ZWQiOjE0ODg2MjgxODg4MzQsImV4cCI6MTQ4ODY0NjE4OH0.fXVvZpgf7Cvc2Ex7wx2lpNkldg9gmCyG81k7bjWVKBiF8ZruGtj5b5GZ47QyMMmrNl_4TEl4ljzjIynLrbbBkg
2017-03-04 17:23:57 | INFO  | AuthenticationTokenFilter:103 -  Null Check null
2017-03-04 17:23:57 | INFO  | AuthenticationTokenFilter:104 -  Request Method POST
2017-03-04 17:23:57 | INFO  | AuthenticationTokenFilter:118 - Inside filter chain . . 
2017-03-04 17:23:57 | INFO  | EmployeeController:227 - CONTROLLER : Inside the employee address change on controller...
2017-03-04 17:23:57 | INFO  | UserServiceImpl:551 - SERVICE : Inside the change contact details...
2017-03-04 17:24:25 | INFO  | AuthenticationTokenFilter:83 - AUTH TOKEN					: eyJhbGciOiJIUzUxMiJ9.eyJzdWIiOiJzdW1hbkBnbWFpbC5jb20iLCJhdWRpZW5jZSI6IndlYiIsImNyZWF0ZWQiOjE0ODg2MjgxODg4MzQsImV4cCI6MTQ4ODY0NjE4OH0.fXVvZpgf7Cvc2Ex7wx2lpNkldg9gmCyG81k7bjWVKBiF8ZruGtj5b5GZ47QyMMmrNl_4TEl4ljzjIynLrbbBkg
2017-03-04 17:24:25 | INFO  | AuthenticationTokenFilter:84 - URL 					: http://localhost:8080/NextGenHCM/api/admin/change/contactdetails
2017-03-04 17:24:25 | INFO  | AuthenticationTokenFilter:85 - METHOD TYPE 				: POST
2017-03-04 17:24:25 | INFO  | AuthenticationTokenFilter:86 - AUTH TYPE 					: null
2017-03-04 17:24:25 | INFO  | AuthenticationTokenFilter:90 - Request Header  			: host
2017-03-04 17:24:25 | INFO  | AuthenticationTokenFilter:90 - Request Header  			: connection
2017-03-04 17:24:25 | INFO  | AuthenticationTokenFilter:90 - Request Header  			: content-length
2017-03-04 17:24:25 | INFO  | AuthenticationTokenFilter:90 - Request Header  			: origin
2017-03-04 17:24:25 | INFO  | AuthenticationTokenFilter:90 - Request Header  			: postman-token
2017-03-04 17:24:25 | INFO  | AuthenticationTokenFilter:90 - Request Header  			: cache-control
2017-03-04 17:24:25 | INFO  | AuthenticationTokenFilter:90 - Request Header  			: x-auth-token
2017-03-04 17:24:25 | INFO  | AuthenticationTokenFilter:90 - Request Header  			: user-agent
2017-03-04 17:24:25 | INFO  | AuthenticationTokenFilter:90 - Request Header  			: content-type
2017-03-04 17:24:25 | INFO  | AuthenticationTokenFilter:90 - Request Header  			: accept
2017-03-04 17:24:25 | INFO  | AuthenticationTokenFilter:90 - Request Header  			: accept-encoding
2017-03-04 17:24:25 | INFO  | AuthenticationTokenFilter:90 - Request Header  			: accept-language
2017-03-04 17:24:25 | INFO  | TokenGenrator:262 - TOKEN : eyJhbGciOiJIUzUxMiJ9.eyJzdWIiOiJzdW1hbkBnbWFpbC5jb20iLCJhdWRpZW5jZSI6IndlYiIsImNyZWF0ZWQiOjE0ODg2MjgxODg4MzQsImV4cCI6MTQ4ODY0NjE4OH0.fXVvZpgf7Cvc2Ex7wx2lpNkldg9gmCyG81k7bjWVKBiF8ZruGtj5b5GZ47QyMMmrNl_4TEl4ljzjIynLrbbBkg
2017-03-04 17:24:25 | INFO  | AuthenticationTokenFilter:103 -  Null Check null
2017-03-04 17:24:25 | INFO  | AuthenticationTokenFilter:104 -  Request Method POST
2017-03-04 17:24:25 | INFO  | AuthenticationTokenFilter:118 - Inside filter chain . . 
2017-03-04 17:24:25 | INFO  | EmployeeController:227 - CONTROLLER : Inside the employee address change on controller...
2017-03-04 17:24:25 | INFO  | UserServiceImpl:551 - SERVICE : Inside the change contact details...
2017-03-04 17:24:25 | INFO  | UserServiceImpl:583 - SERVICE: Inside setting address details model object
